#
# There is insufficient memory for the Java Runtime Environment to continue.
# Native memory allocation (mmap) failed to map 74448896 bytes for G1 virtual space
# Possible reasons:
#   The system is out of physical RAM or swap space
#   The process is running with CompressedOops enabled, and the Java Heap may be blocking the growth of the native heap
# Possible solutions:
#   Reduce memory load on the system
#   Increase physical memory or swap space
#   Check if swap backing store is full
#   Decrease Java heap size (-Xmx/-Xms)
#   Decrease number of Java threads
#   Decrease Java thread stack sizes (-Xss)
#   Set larger code cache with -XX:ReservedCodeCacheSize=
#   JVM is running with Unscaled Compressed Oops mode in which the Java heap is
#     placed in the first 4GB address space. The Java Heap base address is the
#     maximum limit for the native heap growth. Please use -XX:HeapBaseMinAddress
#     to set the Java Heap base and to place the Java Heap above 4GB virtual address.
# This output file may be truncated or incomplete.
#
#  Out of Memory Error (os_windows.cpp:3536), pid=15940, tid=11880
#
# JRE version: Java(TM) SE Runtime Environment (19.0.2+7) (build 19.0.2+7-44)
# Java VM: Java HotSpot(TM) 64-Bit Server VM (19.0.2+7-44, mixed mode, sharing, tiered, compressed oops, compressed class ptrs, g1 gc, windows-amd64)
# No core dump will be written. Minidumps are not enabled by default on client versions of Windows
#

---------------  S U M M A R Y ------------

Command Line: -Dfile.encoding=UTF-8 -XX:+ShowCodeDetailsInExceptionMessages Game

Host: Intel(R) Celeron(R) N5100 @ 1.10GHz, 4 cores, 3G,  Windows 11 , 64 bit Build 22000 (10.0.22000.708)
Time: Mon Feb 13 20:18:59 2023 Pacific Standard Time elapsed time: 48.169919 seconds (0d 0h 0m 48s)

---------------  T H R E A D  ---------------

Current thread (0x00000275981fedd0):  VMThread "VM Thread" [stack: 0x000000eeb7600000,0x000000eeb7700000] [id=11880]

Stack: [0x000000eeb7600000,0x000000eeb7700000]
Native frames: (J=compiled Java code, j=interpreted, Vv=VM code, C=native code)
V  [jvm.dll+0x6ee21a]
V  [jvm.dll+0x85765e]
V  [jvm.dll+0x85904e]
V  [jvm.dll+0x859703]
V  [jvm.dll+0x28298f]
V  [jvm.dll+0x6eb009]
V  [jvm.dll+0x6dfbaa]
V  [jvm.dll+0x3573f6]
V  [jvm.dll+0x35ee56]
V  [jvm.dll+0x3b541e]
V  [jvm.dll+0x3b564f]
V  [jvm.dll+0x32c9ea]
V  [jvm.dll+0x32ca97]
V  [jvm.dll+0x374cd2]
V  [jvm.dll+0x37340f]
V  [jvm.dll+0x32c210]
V  [jvm.dll+0x372ccd]
V  [jvm.dll+0x85ebc3]
V  [jvm.dll+0x85f989]
V  [jvm.dll+0x85febd]
V  [jvm.dll+0x86034b]
V  [jvm.dll+0x860407]
V  [jvm.dll+0x80125a]
V  [jvm.dll+0x6ecf0b]
C  [ucrtbase.dll+0x26c0c]
C  [KERNEL32.DLL+0x154e0]
C  [ntdll.dll+0x485b]

VM_Operation (0x000000eeb88fea38): G1TryInitiateConcMark, mode: safepoint, requested by thread 0x00000275b39ccc70


---------------  P R O C E S S  ---------------

Threads class SMR info:
_java_thread_list=0x00000275b95a6830, length=18, elements={
0x000002759820e8b0, 0x00000275b39751d0, 0x00000275b39768c0, 0x00000275b397b210,
0x00000275b397bb40, 0x00000275b397c470, 0x00000275b397d0d0, 0x00000275b39e60d0,
0x00000275b3a00f70, 0x00000275b7c851a0, 0x00000275b7c8ab70, 0x00000275b7cdc190,
0x00000275b7e92100, 0x00000275b7e95100, 0x00000275b7eb2700, 0x00000275b7f0a850,
0x00000275981394e0, 0x00000275b39ccc70
}

Java Threads: ( => current thread )
  0x000002759820e8b0 JavaThread "Reference Handler" daemon [_thread_blocked, id=8060, stack(0x000000eeb7700000,0x000000eeb7800000)]
  0x00000275b39751d0 JavaThread "Finalizer" daemon [_thread_blocked, id=6208, stack(0x000000eeb7800000,0x000000eeb7900000)]
  0x00000275b39768c0 JavaThread "Signal Dispatcher" daemon [_thread_blocked, id=11092, stack(0x000000eeb7900000,0x000000eeb7a00000)]
  0x00000275b397b210 JavaThread "Attach Listener" daemon [_thread_blocked, id=13028, stack(0x000000eeb7a00000,0x000000eeb7b00000)]
  0x00000275b397bb40 JavaThread "Service Thread" daemon [_thread_blocked, id=6656, stack(0x000000eeb7b00000,0x000000eeb7c00000)]
  0x00000275b397c470 JavaThread "Monitor Deflation Thread" daemon [_thread_blocked, id=4776, stack(0x000000eeb7c00000,0x000000eeb7d00000)]
  0x00000275b397d0d0 JavaThread "C2 CompilerThread0" daemon [_thread_blocked, id=12084, stack(0x000000eeb7d00000,0x000000eeb7e00000)]
  0x00000275b39e60d0 JavaThread "C1 CompilerThread0" daemon [_thread_blocked, id=19324, stack(0x000000eeb7e00000,0x000000eeb7f00000)]
  0x00000275b3a00f70 JavaThread "Sweeper thread" daemon [_thread_blocked, id=9768, stack(0x000000eeb7f00000,0x000000eeb8000000)]
  0x00000275b7c851a0 JavaThread "Notification Thread" daemon [_thread_blocked, id=19040, stack(0x000000eeb8000000,0x000000eeb8100000)]
  0x00000275b7c8ab70 JavaThread "Common-Cleaner" daemon [_thread_blocked, id=7244, stack(0x000000eeb8200000,0x000000eeb8300000)]
  0x00000275b7cdc190 JavaThread "Java2D Disposer" daemon [_thread_blocked, id=11460, stack(0x000000eeb8300000,0x000000eeb8400000)]
  0x00000275b7e92100 JavaThread "AWT-Shutdown" [_thread_blocked, id=13404, stack(0x000000eeb8400000,0x000000eeb8500000)]
  0x00000275b7e95100 JavaThread "AWT-Windows" daemon [_thread_blocked, id=16992, stack(0x000000eeb8500000,0x000000eeb8600000)]
  0x00000275b7eb2700 JavaThread "AWT-EventQueue-0" [_thread_blocked, id=19244, stack(0x000000eeb8600000,0x000000eeb8700000)]
  0x00000275b7f0a850 JavaThread "Timer-0" [_thread_blocked, id=9288, stack(0x000000eeb8700000,0x000000eeb8800000)]
  0x00000275981394e0 JavaThread "DestroyJavaVM" [_thread_blocked, id=7304, stack(0x000000eeb7000000,0x000000eeb7100000)]
  0x00000275b39ccc70 JavaThread "Thread-3994" [_thread_blocked, id=5372, stack(0x000000eeb8800000,0x000000eeb8900000)]

Other Threads:
=>0x00000275981fedd0 VMThread "VM Thread" [stack: 0x000000eeb7600000,0x000000eeb7700000] [id=11880]
  0x00000275b7c89f00 WatcherThread "VM Periodic Task Thread" [stack: 0x000000eeb8100000,0x000000eeb8200000] [id=6400]
  0x000002759817a0a0 WorkerThread "GC Thread#0" [stack: 0x000000eeb7100000,0x000000eeb7200000] [id=14892]
  0x00000275b7f28100 WorkerThread "GC Thread#1" [stack: 0x000000eeba500000,0x000000eeba600000] [id=1460]
  0x00000275b7fd38f0 WorkerThread "GC Thread#2" [stack: 0x000000eeba600000,0x000000eeba700000] [id=10696]
  0x00000275b9539020 WorkerThread "GC Thread#3" [stack: 0x000000eeba700000,0x000000eeba800000] [id=9008]
  0x0000027598182a80 ConcurrentGCThread "G1 Main Marker" [stack: 0x000000eeb7200000,0x000000eeb7300000] [id=9528]
  0x00000275981834b0 WorkerThread "G1 Conc#0" [stack: 0x000000eeb7300000,0x000000eeb7400000] [id=16760]
  0x00000275981d7390 ConcurrentGCThread "G1 Refine#0" [stack: 0x000000eeb7400000,0x000000eeb7500000] [id=6968]
  0x00000275981d8970 ConcurrentGCThread "G1 Service" [stack: 0x000000eeb7500000,0x000000eeb7600000] [id=3432]

Threads with active compile tasks:

VM state: at safepoint (normal execution)

VM Mutex/Monitor currently owned by a thread:  ([mutex/lock_event])
[0x0000027598134a70] Threads_lock - owner thread: 0x00000275981fedd0
[0x0000027598133b40] Heap_lock - owner thread: 0x00000275b39ccc70

Heap address: 0x00000000c2c00000, size: 980 MB, Compressed Oops mode: 32-bit

CDS archive(s) mapped at: [0x0000000800000000-0x0000000800c40000-0x0000000800c40000), size 12845056, SharedBaseAddress: 0x0000000800000000, ArchiveRelocationMode: 0.
Compressed class space mapped at: 0x0000000801000000-0x0000000841000000, reserved size: 1073741824
Narrow klass base: 0x0000000800000000, Narrow klass shift: 0, Narrow klass range: 0x100000000

GC Precious Log:
 CardTable entry size: 512
 Card Set container configuration: InlinePtr #cards 5 size 8 Array Of Cards #cards 12 size 40 Howl #buckets 4 coarsen threshold 1843 Howl Bitmap #cards 512 size 80 coarsen threshold 460 Card regions per heap region 1 cards per card region 2048
 CPUs: 4 total, 4 available
 Memory: 3912M
 Large Page Support: Disabled
 NUMA Support: Disabled
 Compressed Oops: Enabled (32-bit)
 Heap Region Size: 1M
 Heap Min Capacity: 8M
 Heap Initial Capacity: 62M
 Heap Max Capacity: 980M
 Pre-touch: Disabled
 Parallel Workers: 4
 Concurrent Workers: 1
 Concurrent Refinement Workers: 4
 Periodic GC: Disabled

Heap:
 garbage-first heap   total 302080K, used 50000K [0x00000000c2c00000, 0x0000000100000000)
  region size 1024K, 1 young (1024K), 1 survivors (1024K)
 Metaspace       used 6362K, committed 6528K, reserved 1114112K
  class space    used 561K, committed 640K, reserved 1048576K

Heap Regions: E=young(eden), S=young(survivor), O=old, HS=humongous(starts), HC=humongous(continues), CS=collection set, F=free, OA=open archive, CA=closed archive, TAMS=top-at-mark-start (previous, next)
|   0|0x00000000c2c00000, 0x00000000c2d00000, 0x00000000c2d00000|100%|HS|  |TAMS 0x00000000c2c00000, 0x00000000c2d00000| Complete 
|   1|0x00000000c2d00000, 0x00000000c2e00000, 0x00000000c2e00000|100%|HS|  |TAMS 0x00000000c2d00000, 0x00000000c2e00000| Complete 
|   2|0x00000000c2e00000, 0x00000000c2f00000, 0x00000000c2f00000|100%|HS|  |TAMS 0x00000000c2e00000, 0x00000000c2f00000| Complete 
|   3|0x00000000c2f00000, 0x00000000c3000000, 0x00000000c3000000|100%|HS|  |TAMS 0x00000000c2f00000, 0x00000000c3000000| Complete 
|   4|0x00000000c3000000, 0x00000000c3100000, 0x00000000c3100000|100%|HS|  |TAMS 0x00000000c3000000, 0x00000000c3100000| Complete 
|   5|0x00000000c3100000, 0x00000000c3200000, 0x00000000c3200000|100%|HS|  |TAMS 0x00000000c3100000, 0x00000000c3200000| Complete 
|   6|0x00000000c3200000, 0x00000000c3300000, 0x00000000c3300000|100%|HS|  |TAMS 0x00000000c3200000, 0x00000000c3300000| Complete 
|   7|0x00000000c3300000, 0x00000000c3400000, 0x00000000c3400000|100%|HS|  |TAMS 0x00000000c3300000, 0x00000000c3400000| Complete 
|   8|0x00000000c3400000, 0x00000000c3500000, 0x00000000c3500000|100%|HS|  |TAMS 0x00000000c3400000, 0x00000000c3500000| Complete 
|   9|0x00000000c3500000, 0x00000000c3600000, 0x00000000c3600000|100%|HS|  |TAMS 0x00000000c3500000, 0x00000000c3600000| Complete 
|  10|0x00000000c3600000, 0x00000000c3700000, 0x00000000c3700000|100%|HS|  |TAMS 0x00000000c3600000, 0x00000000c3700000| Complete 
|  11|0x00000000c3700000, 0x00000000c3800000, 0x00000000c3800000|100%|HS|  |TAMS 0x00000000c3700000, 0x00000000c3800000| Complete 
|  12|0x00000000c3800000, 0x00000000c3900000, 0x00000000c3900000|100%|HS|  |TAMS 0x00000000c3800000, 0x00000000c3900000| Complete 
|  13|0x00000000c3900000, 0x00000000c3a00000, 0x00000000c3a00000|100%|HS|  |TAMS 0x00000000c3900000, 0x00000000c3a00000| Complete 
|  14|0x00000000c3a00000, 0x00000000c3b00000, 0x00000000c3b00000|100%|HS|  |TAMS 0x00000000c3a00000, 0x00000000c3b00000| Complete 
|  15|0x00000000c3b00000, 0x00000000c3c00000, 0x00000000c3c00000|100%|HS|  |TAMS 0x00000000c3b00000, 0x00000000c3c00000| Complete 
|  16|0x00000000c3c00000, 0x00000000c3d00000, 0x00000000c3d00000|100%|HS|  |TAMS 0x00000000c3c00000, 0x00000000c3d00000| Complete 
|  17|0x00000000c3d00000, 0x00000000c3e00000, 0x00000000c3e00000|100%|HS|  |TAMS 0x00000000c3d00000, 0x00000000c3e00000| Complete 
|  18|0x00000000c3e00000, 0x00000000c3f00000, 0x00000000c3f00000|100%|HS|  |TAMS 0x00000000c3e00000, 0x00000000c3f00000| Complete 
|  19|0x00000000c3f00000, 0x00000000c4000000, 0x00000000c4000000|100%|HS|  |TAMS 0x00000000c3f00000, 0x00000000c4000000| Complete 
|  20|0x00000000c4000000, 0x00000000c4100000, 0x00000000c4100000|100%|HS|  |TAMS 0x00000000c4000000, 0x00000000c4100000| Complete 
|  21|0x00000000c4100000, 0x00000000c4200000, 0x00000000c4200000|100%|HS|  |TAMS 0x00000000c4100000, 0x00000000c4200000| Complete 
|  22|0x00000000c4200000, 0x00000000c4300000, 0x00000000c4300000|100%|HS|  |TAMS 0x00000000c4200000, 0x00000000c4300000| Complete 
|  23|0x00000000c4300000, 0x00000000c4400000, 0x00000000c4400000|100%|HS|  |TAMS 0x00000000c4300000, 0x00000000c4400000| Complete 
|  24|0x00000000c4400000, 0x00000000c4500000, 0x00000000c4500000|100%|HS|  |TAMS 0x00000000c4400000, 0x00000000c4500000| Complete 
|  25|0x00000000c4500000, 0x00000000c4600000, 0x00000000c4600000|100%|HS|  |TAMS 0x00000000c4500000, 0x00000000c4600000| Complete 
|  26|0x00000000c4600000, 0x00000000c4700000, 0x00000000c4700000|100%|HS|  |TAMS 0x00000000c4600000, 0x00000000c4700000| Complete 
|  27|0x00000000c4700000, 0x00000000c4800000, 0x00000000c4800000|100%|HS|  |TAMS 0x00000000c4700000, 0x00000000c4800000| Complete 
|  28|0x00000000c4800000, 0x00000000c4900000, 0x00000000c4900000|100%|HS|  |TAMS 0x00000000c4800000, 0x00000000c4900000| Complete 
|  29|0x00000000c4900000, 0x00000000c4a00000, 0x00000000c4a00000|100%|HS|  |TAMS 0x00000000c4900000, 0x00000000c4a00000| Complete 
|  30|0x00000000c4a00000, 0x00000000c4b00000, 0x00000000c4b00000|100%|HS|  |TAMS 0x00000000c4a00000, 0x00000000c4b00000| Complete 
|  31|0x00000000c4b00000, 0x00000000c4c00000, 0x00000000c4c00000|100%|HS|  |TAMS 0x00000000c4b00000, 0x00000000c4c00000| Complete 
|  32|0x00000000c4c00000, 0x00000000c4d00000, 0x00000000c4d00000|100%|HS|  |TAMS 0x00000000c4c00000, 0x00000000c4d00000| Complete 
|  33|0x00000000c4d00000, 0x00000000c4e00000, 0x00000000c4e00000|100%|HS|  |TAMS 0x00000000c4d00000, 0x00000000c4e00000| Complete 
|  34|0x00000000c4e00000, 0x00000000c4f00000, 0x00000000c4f00000|100%|HS|  |TAMS 0x00000000c4e00000, 0x00000000c4f00000| Complete 
|  35|0x00000000c4f00000, 0x00000000c5000000, 0x00000000c5000000|100%|HS|  |TAMS 0x00000000c4f00000, 0x00000000c5000000| Complete 
|  36|0x00000000c5000000, 0x00000000c5100000, 0x00000000c5100000|100%|HS|  |TAMS 0x00000000c5000000, 0x00000000c5100000| Complete 
|  37|0x00000000c5100000, 0x00000000c5200000, 0x00000000c5200000|100%|HS|  |TAMS 0x00000000c5100000, 0x00000000c5200000| Complete 
|  38|0x00000000c5200000, 0x00000000c5300000, 0x00000000c5300000|100%|HS|  |TAMS 0x00000000c5200000, 0x00000000c5300000| Complete 
|  39|0x00000000c5300000, 0x00000000c5400000, 0x00000000c5400000|100%|HS|  |TAMS 0x00000000c5300000, 0x00000000c5400000| Complete 
|  40|0x00000000c5400000, 0x00000000c5500000, 0x00000000c5500000|100%|HS|  |TAMS 0x00000000c5400000, 0x00000000c5500000| Complete 
|  41|0x00000000c5500000, 0x00000000c5600000, 0x00000000c5600000|100%|HS|  |TAMS 0x00000000c5500000, 0x00000000c5600000| Complete 
|  42|0x00000000c5600000, 0x00000000c5700000, 0x00000000c5700000|100%|HS|  |TAMS 0x00000000c5600000, 0x00000000c5700000| Complete 
|  43|0x00000000c5700000, 0x00000000c5800000, 0x00000000c5800000|100%|HS|  |TAMS 0x00000000c5700000, 0x00000000c5800000| Complete 
|  44|0x00000000c5800000, 0x00000000c5800000, 0x00000000c5900000|  0%| F|  |TAMS 0x00000000c5800000, 0x00000000c5800000| Untracked 
|  45|0x00000000c5900000, 0x00000000c5900000, 0x00000000c5a00000|  0%| F|  |TAMS 0x00000000c5900000, 0x00000000c5900000| Untracked 
|  46|0x00000000c5a00000, 0x00000000c5a00000, 0x00000000c5b00000|  0%| F|  |TAMS 0x00000000c5a00000, 0x00000000c5a00000| Untracked 
|  47|0x00000000c5b00000, 0x00000000c5b00000, 0x00000000c5c00000|  0%| F|  |TAMS 0x00000000c5b00000, 0x00000000c5b00000| Untracked 
|  48|0x00000000c5c00000, 0x00000000c5c00000, 0x00000000c5d00000|  0%| F|  |TAMS 0x00000000c5c00000, 0x00000000c5c00000| Untracked 
|  49|0x00000000c5d00000, 0x00000000c5d00000, 0x00000000c5e00000|  0%| F|  |TAMS 0x00000000c5d00000, 0x00000000c5d00000| Untracked 
|  50|0x00000000c5e00000, 0x00000000c5f00000, 0x00000000c5f00000|100%|HS|  |TAMS 0x00000000c5e00000, 0x00000000c5f00000| Complete 
|  51|0x00000000c5f00000, 0x00000000c6000000, 0x00000000c6000000|100%|HS|  |TAMS 0x00000000c5f00000, 0x00000000c6000000| Complete 
|  52|0x00000000c6000000, 0x00000000c6100000, 0x00000000c6100000|100%|HS|  |TAMS 0x00000000c6000000, 0x00000000c6100000| Complete 
|  53|0x00000000c6100000, 0x00000000c6100000, 0x00000000c6200000|  0%| F|  |TAMS 0x00000000c6100000, 0x00000000c6100000| Untracked 
|  54|0x00000000c6200000, 0x00000000c6200000, 0x00000000c6300000|  0%| F|  |TAMS 0x00000000c6200000, 0x00000000c6200000| Untracked 
|  55|0x00000000c6300000, 0x00000000c6300000, 0x00000000c6400000|  0%| F|  |TAMS 0x00000000c6300000, 0x00000000c6300000| Untracked 
|  56|0x00000000c6400000, 0x00000000c6400000, 0x00000000c6500000|  0%| F|  |TAMS 0x00000000c6400000, 0x00000000c6400000| Untracked 
|  57|0x00000000c6500000, 0x00000000c6500000, 0x00000000c6600000|  0%| F|  |TAMS 0x00000000c6500000, 0x00000000c6500000| Untracked 
|  58|0x00000000c6600000, 0x00000000c6600000, 0x00000000c6700000|  0%| F|  |TAMS 0x00000000c6600000, 0x00000000c6600000| Untracked 
|  59|0x00000000c6700000, 0x00000000c6700000, 0x00000000c6800000|  0%| F|  |TAMS 0x00000000c6700000, 0x00000000c6700000| Untracked 
|  60|0x00000000c6800000, 0x00000000c6800000, 0x00000000c6900000|  0%| F|  |TAMS 0x00000000c6800000, 0x00000000c6800000| Untracked 
|  61|0x00000000c6900000, 0x00000000c6900000, 0x00000000c6a00000|  0%| F|  |TAMS 0x00000000c6900000, 0x00000000c6900000| Untracked 
|  62|0x00000000c6a00000, 0x00000000c6a00000, 0x00000000c6b00000|  0%| F|  |TAMS 0x00000000c6a00000, 0x00000000c6a00000| Untracked 
|  63|0x00000000c6b00000, 0x00000000c6b00000, 0x00000000c6c00000|  0%| F|  |TAMS 0x00000000c6b00000, 0x00000000c6b00000| Untracked 
|  64|0x00000000c6c00000, 0x00000000c6c00000, 0x00000000c6d00000|  0%| F|  |TAMS 0x00000000c6c00000, 0x00000000c6c00000| Untracked 
|  65|0x00000000c6d00000, 0x00000000c6d00000, 0x00000000c6e00000|  0%| F|  |TAMS 0x00000000c6d00000, 0x00000000c6d00000| Untracked 
|  66|0x00000000c6e00000, 0x00000000c6e00000, 0x00000000c6f00000|  0%| F|  |TAMS 0x00000000c6e00000, 0x00000000c6e00000| Untracked 
|  67|0x00000000c6f00000, 0x00000000c6f00000, 0x00000000c7000000|  0%| F|  |TAMS 0x00000000c6f00000, 0x00000000c6f00000| Untracked 
|  68|0x00000000c7000000, 0x00000000c7000000, 0x00000000c7100000|  0%| F|  |TAMS 0x00000000c7000000, 0x00000000c7000000| Untracked 
|  69|0x00000000c7100000, 0x00000000c7100000, 0x00000000c7200000|  0%| F|  |TAMS 0x00000000c7100000, 0x00000000c7100000| Untracked 
|  70|0x00000000c7200000, 0x00000000c7200000, 0x00000000c7300000|  0%| F|  |TAMS 0x00000000c7200000, 0x00000000c7200000| Untracked 
|  71|0x00000000c7300000, 0x00000000c7300000, 0x00000000c7400000|  0%| F|  |TAMS 0x00000000c7300000, 0x00000000c7300000| Untracked 
|  72|0x00000000c7400000, 0x00000000c7400000, 0x00000000c7500000|  0%| F|  |TAMS 0x00000000c7400000, 0x00000000c7400000| Untracked 
|  73|0x00000000c7500000, 0x00000000c7500000, 0x00000000c7600000|  0%| F|  |TAMS 0x00000000c7500000, 0x00000000c7500000| Untracked 
|  74|0x00000000c7600000, 0x00000000c7600000, 0x00000000c7700000|  0%| F|  |TAMS 0x00000000c7600000, 0x00000000c7600000| Untracked 
|  75|0x00000000c7700000, 0x00000000c7700000, 0x00000000c7800000|  0%| F|  |TAMS 0x00000000c7700000, 0x00000000c7700000| Untracked 
|  76|0x00000000c7800000, 0x00000000c7800000, 0x00000000c7900000|  0%| F|  |TAMS 0x00000000c7800000, 0x00000000c7800000| Untracked 
|  77|0x00000000c7900000, 0x00000000c7900000, 0x00000000c7a00000|  0%| F|  |TAMS 0x00000000c7900000, 0x00000000c7900000| Untracked 
|  78|0x00000000c7a00000, 0x00000000c7a00000, 0x00000000c7b00000|  0%| F|  |TAMS 0x00000000c7a00000, 0x00000000c7a00000| Untracked 
|  79|0x00000000c7b00000, 0x00000000c7b00000, 0x00000000c7c00000|  0%| F|  |TAMS 0x00000000c7b00000, 0x00000000c7b00000| Untracked 
|  80|0x00000000c7c00000, 0x00000000c7c00000, 0x00000000c7d00000|  0%| F|  |TAMS 0x00000000c7c00000, 0x00000000c7c00000| Untracked 
|  81|0x00000000c7d00000, 0x00000000c7d00000, 0x00000000c7e00000|  0%| F|  |TAMS 0x00000000c7d00000, 0x00000000c7d00000| Untracked 
|  82|0x00000000c7e00000, 0x00000000c7e00000, 0x00000000c7f00000|  0%| F|  |TAMS 0x00000000c7e00000, 0x00000000c7e00000| Untracked 
|  83|0x00000000c7f00000, 0x00000000c7f00000, 0x00000000c8000000|  0%| F|  |TAMS 0x00000000c7f00000, 0x00000000c7f00000| Untracked 
|  84|0x00000000c8000000, 0x00000000c8000000, 0x00000000c8100000|  0%| F|  |TAMS 0x00000000c8000000, 0x00000000c8000000| Untracked 
|  85|0x00000000c8100000, 0x00000000c8100000, 0x00000000c8200000|  0%| F|  |TAMS 0x00000000c8100000, 0x00000000c8100000| Untracked 
|  86|0x00000000c8200000, 0x00000000c8204890, 0x00000000c8300000|  1%| S|CS|TAMS 0x00000000c8200000, 0x00000000c8200000| Complete 
|  87|0x00000000c8300000, 0x00000000c8300000, 0x00000000c8400000|  0%| F|  |TAMS 0x00000000c8300000, 0x00000000c8300000| Untracked 
|  88|0x00000000c8400000, 0x00000000c8400000, 0x00000000c8500000|  0%| F|  |TAMS 0x00000000c8400000, 0x00000000c8400000| Untracked 
|  89|0x00000000c8500000, 0x00000000c8500000, 0x00000000c8600000|  0%| F|  |TAMS 0x00000000c8500000, 0x00000000c8500000| Untracked 
|  90|0x00000000c8600000, 0x00000000c8600000, 0x00000000c8700000|  0%| F|  |TAMS 0x00000000c8600000, 0x00000000c8600000| Untracked 
|  91|0x00000000c8700000, 0x00000000c8700000, 0x00000000c8800000|  0%| F|  |TAMS 0x00000000c8700000, 0x00000000c8700000| Untracked 
|  92|0x00000000c8800000, 0x00000000c8800000, 0x00000000c8900000|  0%| F|  |TAMS 0x00000000c8800000, 0x00000000c8800000| Untracked 
|  93|0x00000000c8900000, 0x00000000c8900000, 0x00000000c8a00000|  0%| F|  |TAMS 0x00000000c8900000, 0x00000000c8900000| Untracked 
|  94|0x00000000c8a00000, 0x00000000c8a00000, 0x00000000c8b00000|  0%| F|  |TAMS 0x00000000c8a00000, 0x00000000c8a00000| Untracked 
|  95|0x00000000c8b00000, 0x00000000c8b00000, 0x00000000c8c00000|  0%| F|  |TAMS 0x00000000c8b00000, 0x00000000c8b00000| Untracked 
|  96|0x00000000c8c00000, 0x00000000c8c00000, 0x00000000c8d00000|  0%| F|  |TAMS 0x00000000c8c00000, 0x00000000c8c00000| Untracked 
|  97|0x00000000c8d00000, 0x00000000c8d00000, 0x00000000c8e00000|  0%| F|  |TAMS 0x00000000c8d00000, 0x00000000c8d00000| Untracked 
|  98|0x00000000c8e00000, 0x00000000c8e00000, 0x00000000c8f00000|  0%| F|  |TAMS 0x00000000c8e00000, 0x00000000c8e00000| Untracked 
|  99|0x00000000c8f00000, 0x00000000c8f00000, 0x00000000c9000000|  0%| F|  |TAMS 0x00000000c8f00000, 0x00000000c8f00000| Untracked 
| 100|0x00000000c9000000, 0x00000000c9000000, 0x00000000c9100000|  0%| F|  |TAMS 0x00000000c9000000, 0x00000000c9000000| Untracked 
| 101|0x00000000c9100000, 0x00000000c9200000, 0x00000000c9200000|100%| O|  |TAMS 0x00000000c9200000, 0x00000000c9200000| Untracked 
| 102|0x00000000c9200000, 0x00000000c9200000, 0x00000000c9300000|  0%| F|  |TAMS 0x00000000c9200000, 0x00000000c9200000| Untracked 
| 103|0x00000000c9300000, 0x00000000c9300000, 0x00000000c9400000|  0%| F|  |TAMS 0x00000000c9300000, 0x00000000c9300000| Untracked 
| 104|0x00000000c9400000, 0x00000000c9400000, 0x00000000c9500000|  0%| F|  |TAMS 0x00000000c9400000, 0x00000000c9400000| Untracked 
| 105|0x00000000c9500000, 0x00000000c9500000, 0x00000000c9600000|  0%| F|  |TAMS 0x00000000c9500000, 0x00000000c9500000| Untracked 
| 106|0x00000000c9600000, 0x00000000c9600000, 0x00000000c9700000|  0%| F|  |TAMS 0x00000000c9600000, 0x00000000c9600000| Untracked 
| 107|0x00000000c9700000, 0x00000000c9700000, 0x00000000c9800000|  0%| F|  |TAMS 0x00000000c9700000, 0x00000000c9700000| Untracked 
| 108|0x00000000c9800000, 0x00000000c9800000, 0x00000000c9900000|  0%| F|  |TAMS 0x00000000c9800000, 0x00000000c9800000| Untracked 
| 109|0x00000000c9900000, 0x00000000c9900000, 0x00000000c9a00000|  0%| F|  |TAMS 0x00000000c9900000, 0x00000000c9900000| Untracked 
| 110|0x00000000c9a00000, 0x00000000c9a00000, 0x00000000c9b00000|  0%| F|  |TAMS 0x00000000c9a00000, 0x00000000c9a00000| Untracked 
| 111|0x00000000c9b00000, 0x00000000c9b00000, 0x00000000c9c00000|  0%| F|  |TAMS 0x00000000c9b00000, 0x00000000c9b00000| Untracked 
| 112|0x00000000c9c00000, 0x00000000c9c00000, 0x00000000c9d00000|  0%| F|  |TAMS 0x00000000c9c00000, 0x00000000c9c00000| Untracked 
| 113|0x00000000c9d00000, 0x00000000c9d00000, 0x00000000c9e00000|  0%| F|  |TAMS 0x00000000c9d00000, 0x00000000c9d00000| Untracked 
| 114|0x00000000c9e00000, 0x00000000c9e00000, 0x00000000c9f00000|  0%| F|  |TAMS 0x00000000c9e00000, 0x00000000c9e00000| Untracked 
| 115|0x00000000c9f00000, 0x00000000c9f00000, 0x00000000ca000000|  0%| F|  |TAMS 0x00000000c9f00000, 0x00000000c9f00000| Untracked 
| 116|0x00000000ca000000, 0x00000000ca000000, 0x00000000ca100000|  0%| F|  |TAMS 0x00000000ca000000, 0x00000000ca000000| Untracked 
| 117|0x00000000ca100000, 0x00000000ca100000, 0x00000000ca200000|  0%| F|  |TAMS 0x00000000ca100000, 0x00000000ca100000| Untracked 
| 118|0x00000000ca200000, 0x00000000ca200000, 0x00000000ca300000|  0%| F|  |TAMS 0x00000000ca200000, 0x00000000ca200000| Untracked 
| 119|0x00000000ca300000, 0x00000000ca300000, 0x00000000ca400000|  0%| F|  |TAMS 0x00000000ca300000, 0x00000000ca300000| Untracked 
| 120|0x00000000ca400000, 0x00000000ca400000, 0x00000000ca500000|  0%| F|  |TAMS 0x00000000ca400000, 0x00000000ca400000| Untracked 
| 121|0x00000000ca500000, 0x00000000ca500000, 0x00000000ca600000|  0%| F|  |TAMS 0x00000000ca500000, 0x00000000ca500000| Untracked 
| 122|0x00000000ca600000, 0x00000000ca600000, 0x00000000ca700000|  0%| F|  |TAMS 0x00000000ca600000, 0x00000000ca600000| Untracked 
| 123|0x00000000ca700000, 0x00000000ca700000, 0x00000000ca800000|  0%| F|  |TAMS 0x00000000ca700000, 0x00000000ca700000| Untracked 
| 124|0x00000000ca800000, 0x00000000ca800000, 0x00000000ca900000|  0%| F|  |TAMS 0x00000000ca800000, 0x00000000ca800000| Untracked 
| 125|0x00000000ca900000, 0x00000000ca900000, 0x00000000caa00000|  0%| F|  |TAMS 0x00000000ca900000, 0x00000000ca900000| Untracked 
| 126|0x00000000caa00000, 0x00000000caa00000, 0x00000000cab00000|  0%| F|  |TAMS 0x00000000caa00000, 0x00000000caa00000| Untracked 
| 127|0x00000000cab00000, 0x00000000cab00000, 0x00000000cac00000|  0%| F|  |TAMS 0x00000000cab00000, 0x00000000cab00000| Untracked 
| 128|0x00000000cac00000, 0x00000000cac00000, 0x00000000cad00000|  0%| F|  |TAMS 0x00000000cac00000, 0x00000000cac00000| Untracked 
| 129|0x00000000cad00000, 0x00000000cad00000, 0x00000000cae00000|  0%| F|  |TAMS 0x00000000cad00000, 0x00000000cad00000| Untracked 
| 130|0x00000000cae00000, 0x00000000cae00000, 0x00000000caf00000|  0%| F|  |TAMS 0x00000000cae00000, 0x00000000cae00000| Untracked 
| 131|0x00000000caf00000, 0x00000000caf00000, 0x00000000cb000000|  0%| F|  |TAMS 0x00000000caf00000, 0x00000000caf00000| Untracked 
| 132|0x00000000cb000000, 0x00000000cb000000, 0x00000000cb100000|  0%| F|  |TAMS 0x00000000cb000000, 0x00000000cb000000| Untracked 
| 133|0x00000000cb100000, 0x00000000cb100000, 0x00000000cb200000|  0%| F|  |TAMS 0x00000000cb100000, 0x00000000cb100000| Untracked 
| 134|0x00000000cb200000, 0x00000000cb200000, 0x00000000cb300000|  0%| F|  |TAMS 0x00000000cb200000, 0x00000000cb200000| Untracked 
| 135|0x00000000cb300000, 0x00000000cb300000, 0x00000000cb400000|  0%| F|  |TAMS 0x00000000cb300000, 0x00000000cb300000| Untracked 
| 136|0x00000000cb400000, 0x00000000cb400000, 0x00000000cb500000|  0%| F|  |TAMS 0x00000000cb400000, 0x00000000cb400000| Untracked 
| 137|0x00000000cb500000, 0x00000000cb500000, 0x00000000cb600000|  0%| F|  |TAMS 0x00000000cb500000, 0x00000000cb500000| Untracked 
| 138|0x00000000cb600000, 0x00000000cb600000, 0x00000000cb700000|  0%| F|  |TAMS 0x00000000cb600000, 0x00000000cb600000| Untracked 
| 139|0x00000000cb700000, 0x00000000cb700000, 0x00000000cb800000|  0%| F|  |TAMS 0x00000000cb700000, 0x00000000cb700000| Untracked 
| 140|0x00000000cb800000, 0x00000000cb800000, 0x00000000cb900000|  0%| F|  |TAMS 0x00000000cb800000, 0x00000000cb800000| Untracked 
| 141|0x00000000cb900000, 0x00000000cb900000, 0x00000000cba00000|  0%| F|  |TAMS 0x00000000cb900000, 0x00000000cb900000| Untracked 
| 142|0x00000000cba00000, 0x00000000cba00000, 0x00000000cbb00000|  0%| F|  |TAMS 0x00000000cba00000, 0x00000000cba00000| Untracked 
| 143|0x00000000cbb00000, 0x00000000cbb00000, 0x00000000cbc00000|  0%| F|  |TAMS 0x00000000cbb00000, 0x00000000cbb00000| Untracked 
| 144|0x00000000cbc00000, 0x00000000cbc00000, 0x00000000cbd00000|  0%| F|  |TAMS 0x00000000cbc00000, 0x00000000cbc00000| Untracked 
| 145|0x00000000cbd00000, 0x00000000cbd00000, 0x00000000cbe00000|  0%| F|  |TAMS 0x00000000cbd00000, 0x00000000cbd00000| Untracked 
| 146|0x00000000cbe00000, 0x00000000cbe00000, 0x00000000cbf00000|  0%| F|  |TAMS 0x00000000cbe00000, 0x00000000cbe00000| Untracked 
| 147|0x00000000cbf00000, 0x00000000cbf00000, 0x00000000cc000000|  0%| F|  |TAMS 0x00000000cbf00000, 0x00000000cbf00000| Untracked 
| 148|0x00000000cc000000, 0x00000000cc000000, 0x00000000cc100000|  0%| F|  |TAMS 0x00000000cc000000, 0x00000000cc000000| Untracked 
| 149|0x00000000cc100000, 0x00000000cc100000, 0x00000000cc200000|  0%| F|  |TAMS 0x00000000cc100000, 0x00000000cc100000| Untracked 
| 150|0x00000000cc200000, 0x00000000cc200000, 0x00000000cc300000|  0%| F|  |TAMS 0x00000000cc200000, 0x00000000cc200000| Untracked 
| 151|0x00000000cc300000, 0x00000000cc300000, 0x00000000cc400000|  0%| F|  |TAMS 0x00000000cc300000, 0x00000000cc300000| Untracked 
| 152|0x00000000cc400000, 0x00000000cc400000, 0x00000000cc500000|  0%| F|  |TAMS 0x00000000cc400000, 0x00000000cc400000| Untracked 
| 153|0x00000000cc500000, 0x00000000cc500000, 0x00000000cc600000|  0%| F|  |TAMS 0x00000000cc500000, 0x00000000cc500000| Untracked 
| 154|0x00000000cc600000, 0x00000000cc600000, 0x00000000cc700000|  0%| F|  |TAMS 0x00000000cc600000, 0x00000000cc600000| Untracked 
| 155|0x00000000cc700000, 0x00000000cc700000, 0x00000000cc800000|  0%| F|  |TAMS 0x00000000cc700000, 0x00000000cc700000| Untracked 
| 156|0x00000000cc800000, 0x00000000cc800000, 0x00000000cc900000|  0%| F|  |TAMS 0x00000000cc800000, 0x00000000cc800000| Untracked 
| 157|0x00000000cc900000, 0x00000000cc900000, 0x00000000cca00000|  0%| F|  |TAMS 0x00000000cc900000, 0x00000000cc900000| Untracked 
| 158|0x00000000cca00000, 0x00000000cca00000, 0x00000000ccb00000|  0%| F|  |TAMS 0x00000000cca00000, 0x00000000cca00000| Untracked 
| 159|0x00000000ccb00000, 0x00000000ccb00000, 0x00000000ccc00000|  0%| F|  |TAMS 0x00000000ccb00000, 0x00000000ccb00000| Untracked 
| 160|0x00000000ccc00000, 0x00000000ccc00000, 0x00000000ccd00000|  0%| F|  |TAMS 0x00000000ccc00000, 0x00000000ccc00000| Untracked 
| 161|0x00000000ccd00000, 0x00000000ccd00000, 0x00000000cce00000|  0%| F|  |TAMS 0x00000000ccd00000, 0x00000000ccd00000| Untracked 
| 162|0x00000000cce00000, 0x00000000cce00000, 0x00000000ccf00000|  0%| F|  |TAMS 0x00000000cce00000, 0x00000000cce00000| Untracked 
| 163|0x00000000ccf00000, 0x00000000ccf00000, 0x00000000cd000000|  0%| F|  |TAMS 0x00000000ccf00000, 0x00000000ccf00000| Untracked 
| 164|0x00000000cd000000, 0x00000000cd000000, 0x00000000cd100000|  0%| F|  |TAMS 0x00000000cd000000, 0x00000000cd000000| Untracked 
| 165|0x00000000cd100000, 0x00000000cd100000, 0x00000000cd200000|  0%| F|  |TAMS 0x00000000cd100000, 0x00000000cd100000| Untracked 
| 166|0x00000000cd200000, 0x00000000cd200000, 0x00000000cd300000|  0%| F|  |TAMS 0x00000000cd200000, 0x00000000cd200000| Untracked 
| 167|0x00000000cd300000, 0x00000000cd300000, 0x00000000cd400000|  0%| F|  |TAMS 0x00000000cd300000, 0x00000000cd300000| Untracked 
| 168|0x00000000cd400000, 0x00000000cd400000, 0x00000000cd500000|  0%| F|  |TAMS 0x00000000cd400000, 0x00000000cd400000| Untracked 
| 169|0x00000000cd500000, 0x00000000cd500000, 0x00000000cd600000|  0%| F|  |TAMS 0x00000000cd500000, 0x00000000cd500000| Untracked 
| 170|0x00000000cd600000, 0x00000000cd600000, 0x00000000cd700000|  0%| F|  |TAMS 0x00000000cd600000, 0x00000000cd600000| Untracked 
| 171|0x00000000cd700000, 0x00000000cd700000, 0x00000000cd800000|  0%| F|  |TAMS 0x00000000cd700000, 0x00000000cd700000| Untracked 
| 172|0x00000000cd800000, 0x00000000cd800000, 0x00000000cd900000|  0%| F|  |TAMS 0x00000000cd800000, 0x00000000cd800000| Untracked 
| 173|0x00000000cd900000, 0x00000000cd900000, 0x00000000cda00000|  0%| F|  |TAMS 0x00000000cd900000, 0x00000000cd900000| Untracked 
| 174|0x00000000cda00000, 0x00000000cda00000, 0x00000000cdb00000|  0%| F|  |TAMS 0x00000000cda00000, 0x00000000cda00000| Untracked 
| 175|0x00000000cdb00000, 0x00000000cdb00000, 0x00000000cdc00000|  0%| F|  |TAMS 0x00000000cdb00000, 0x00000000cdb00000| Untracked 
| 176|0x00000000cdc00000, 0x00000000cdc00000, 0x00000000cdd00000|  0%| F|  |TAMS 0x00000000cdc00000, 0x00000000cdc00000| Untracked 
| 177|0x00000000cdd00000, 0x00000000cdd00000, 0x00000000cde00000|  0%| F|  |TAMS 0x00000000cdd00000, 0x00000000cdd00000| Untracked 
| 178|0x00000000cde00000, 0x00000000cde00000, 0x00000000cdf00000|  0%| F|  |TAMS 0x00000000cde00000, 0x00000000cde00000| Untracked 
| 179|0x00000000cdf00000, 0x00000000cdf00000, 0x00000000ce000000|  0%| F|  |TAMS 0x00000000cdf00000, 0x00000000cdf00000| Untracked 
| 180|0x00000000ce000000, 0x00000000ce000000, 0x00000000ce100000|  0%| F|  |TAMS 0x00000000ce000000, 0x00000000ce000000| Untracked 
| 181|0x00000000ce100000, 0x00000000ce100000, 0x00000000ce200000|  0%| F|  |TAMS 0x00000000ce100000, 0x00000000ce100000| Untracked 
| 182|0x00000000ce200000, 0x00000000ce200000, 0x00000000ce300000|  0%| F|  |TAMS 0x00000000ce200000, 0x00000000ce200000| Untracked 
| 183|0x00000000ce300000, 0x00000000ce300000, 0x00000000ce400000|  0%| F|  |TAMS 0x00000000ce300000, 0x00000000ce300000| Untracked 
| 184|0x00000000ce400000, 0x00000000ce400000, 0x00000000ce500000|  0%| F|  |TAMS 0x00000000ce400000, 0x00000000ce400000| Untracked 
| 185|0x00000000ce500000, 0x00000000ce500000, 0x00000000ce600000|  0%| F|  |TAMS 0x00000000ce500000, 0x00000000ce500000| Untracked 
| 186|0x00000000ce600000, 0x00000000ce600000, 0x00000000ce700000|  0%| F|  |TAMS 0x00000000ce600000, 0x00000000ce600000| Untracked 
| 187|0x00000000ce700000, 0x00000000ce700000, 0x00000000ce800000|  0%| F|  |TAMS 0x00000000ce700000, 0x00000000ce700000| Untracked 
| 188|0x00000000ce800000, 0x00000000ce800000, 0x00000000ce900000|  0%| F|  |TAMS 0x00000000ce800000, 0x00000000ce800000| Untracked 
| 189|0x00000000ce900000, 0x00000000ce900000, 0x00000000cea00000|  0%| F|  |TAMS 0x00000000ce900000, 0x00000000ce900000| Untracked 
| 190|0x00000000cea00000, 0x00000000cea00000, 0x00000000ceb00000|  0%| F|  |TAMS 0x00000000cea00000, 0x00000000cea00000| Untracked 
| 191|0x00000000ceb00000, 0x00000000ceb00000, 0x00000000cec00000|  0%| F|  |TAMS 0x00000000ceb00000, 0x00000000ceb00000| Untracked 
| 192|0x00000000cec00000, 0x00000000cec00000, 0x00000000ced00000|  0%| F|  |TAMS 0x00000000cec00000, 0x00000000cec00000| Untracked 
| 193|0x00000000ced00000, 0x00000000ced00000, 0x00000000cee00000|  0%| F|  |TAMS 0x00000000ced00000, 0x00000000ced00000| Untracked 
| 194|0x00000000cee00000, 0x00000000cee00000, 0x00000000cef00000|  0%| F|  |TAMS 0x00000000cee00000, 0x00000000cee00000| Untracked 
| 195|0x00000000cef00000, 0x00000000cef00000, 0x00000000cf000000|  0%| F|  |TAMS 0x00000000cef00000, 0x00000000cef00000| Untracked 
| 196|0x00000000cf000000, 0x00000000cf000000, 0x00000000cf100000|  0%| F|  |TAMS 0x00000000cf000000, 0x00000000cf000000| Untracked 
| 197|0x00000000cf100000, 0x00000000cf100000, 0x00000000cf200000|  0%| F|  |TAMS 0x00000000cf100000, 0x00000000cf100000| Untracked 
| 198|0x00000000cf200000, 0x00000000cf200000, 0x00000000cf300000|  0%| F|  |TAMS 0x00000000cf200000, 0x00000000cf200000| Untracked 
| 199|0x00000000cf300000, 0x00000000cf300000, 0x00000000cf400000|  0%| F|  |TAMS 0x00000000cf300000, 0x00000000cf300000| Untracked 
| 200|0x00000000cf400000, 0x00000000cf400000, 0x00000000cf500000|  0%| F|  |TAMS 0x00000000cf400000, 0x00000000cf400000| Untracked 
| 201|0x00000000cf500000, 0x00000000cf500000, 0x00000000cf600000|  0%| F|  |TAMS 0x00000000cf500000, 0x00000000cf500000| Untracked 
| 202|0x00000000cf600000, 0x00000000cf600000, 0x00000000cf700000|  0%| F|  |TAMS 0x00000000cf600000, 0x00000000cf600000| Untracked 
| 203|0x00000000cf700000, 0x00000000cf700000, 0x00000000cf800000|  0%| F|  |TAMS 0x00000000cf700000, 0x00000000cf700000| Untracked 
| 204|0x00000000cf800000, 0x00000000cf800000, 0x00000000cf900000|  0%| F|  |TAMS 0x00000000cf800000, 0x00000000cf800000| Untracked 
| 205|0x00000000cf900000, 0x00000000cf900000, 0x00000000cfa00000|  0%| F|  |TAMS 0x00000000cf900000, 0x00000000cf900000| Untracked 
| 206|0x00000000cfa00000, 0x00000000cfa00000, 0x00000000cfb00000|  0%| F|  |TAMS 0x00000000cfa00000, 0x00000000cfa00000| Untracked 
| 207|0x00000000cfb00000, 0x00000000cfb00000, 0x00000000cfc00000|  0%| F|  |TAMS 0x00000000cfb00000, 0x00000000cfb00000| Untracked 
| 208|0x00000000cfc00000, 0x00000000cfc00000, 0x00000000cfd00000|  0%| F|  |TAMS 0x00000000cfc00000, 0x00000000cfc00000| Untracked 
| 209|0x00000000cfd00000, 0x00000000cfd00000, 0x00000000cfe00000|  0%| F|  |TAMS 0x00000000cfd00000, 0x00000000cfd00000| Untracked 
| 210|0x00000000cfe00000, 0x00000000cfe00000, 0x00000000cff00000|  0%| F|  |TAMS 0x00000000cfe00000, 0x00000000cfe00000| Untracked 
| 211|0x00000000cff00000, 0x00000000cff00000, 0x00000000d0000000|  0%| F|  |TAMS 0x00000000cff00000, 0x00000000cff00000| Untracked 
| 212|0x00000000d0000000, 0x00000000d0000000, 0x00000000d0100000|  0%| F|  |TAMS 0x00000000d0000000, 0x00000000d0000000| Untracked 
| 213|0x00000000d0100000, 0x00000000d0100000, 0x00000000d0200000|  0%| F|  |TAMS 0x00000000d0100000, 0x00000000d0100000| Untracked 
| 214|0x00000000d0200000, 0x00000000d0200000, 0x00000000d0300000|  0%| F|  |TAMS 0x00000000d0200000, 0x00000000d0200000| Untracked 
| 215|0x00000000d0300000, 0x00000000d0300000, 0x00000000d0400000|  0%| F|  |TAMS 0x00000000d0300000, 0x00000000d0300000| Untracked 
| 216|0x00000000d0400000, 0x00000000d0400000, 0x00000000d0500000|  0%| F|  |TAMS 0x00000000d0400000, 0x00000000d0400000| Untracked 
| 217|0x00000000d0500000, 0x00000000d0500000, 0x00000000d0600000|  0%| F|  |TAMS 0x00000000d0500000, 0x00000000d0500000| Untracked 
| 218|0x00000000d0600000, 0x00000000d0600000, 0x00000000d0700000|  0%| F|  |TAMS 0x00000000d0600000, 0x00000000d0600000| Untracked 
| 219|0x00000000d0700000, 0x00000000d0700000, 0x00000000d0800000|  0%| F|  |TAMS 0x00000000d0700000, 0x00000000d0700000| Untracked 
| 220|0x00000000d0800000, 0x00000000d0800000, 0x00000000d0900000|  0%| F|  |TAMS 0x00000000d0800000, 0x00000000d0800000| Untracked 
| 221|0x00000000d0900000, 0x00000000d0900000, 0x00000000d0a00000|  0%| F|  |TAMS 0x00000000d0900000, 0x00000000d0900000| Untracked 
| 222|0x00000000d0a00000, 0x00000000d0a00000, 0x00000000d0b00000|  0%| F|  |TAMS 0x00000000d0a00000, 0x00000000d0a00000| Untracked 
| 223|0x00000000d0b00000, 0x00000000d0b00000, 0x00000000d0c00000|  0%| F|  |TAMS 0x00000000d0b00000, 0x00000000d0b00000| Untracked 
| 224|0x00000000d0c00000, 0x00000000d0c00000, 0x00000000d0d00000|  0%| F|  |TAMS 0x00000000d0c00000, 0x00000000d0c00000| Untracked 
| 225|0x00000000d0d00000, 0x00000000d0d00000, 0x00000000d0e00000|  0%| F|  |TAMS 0x00000000d0d00000, 0x00000000d0d00000| Untracked 
| 226|0x00000000d0e00000, 0x00000000d0e00000, 0x00000000d0f00000|  0%| F|  |TAMS 0x00000000d0e00000, 0x00000000d0e00000| Untracked 
| 227|0x00000000d0f00000, 0x00000000d0f00000, 0x00000000d1000000|  0%| F|  |TAMS 0x00000000d0f00000, 0x00000000d0f00000| Untracked 
| 228|0x00000000d1000000, 0x00000000d1000000, 0x00000000d1100000|  0%| F|  |TAMS 0x00000000d1000000, 0x00000000d1000000| Untracked 
| 229|0x00000000d1100000, 0x00000000d1100000, 0x00000000d1200000|  0%| F|  |TAMS 0x00000000d1100000, 0x00000000d1100000| Untracked 
| 230|0x00000000d1200000, 0x00000000d1200000, 0x00000000d1300000|  0%| F|  |TAMS 0x00000000d1200000, 0x00000000d1200000| Untracked 
| 231|0x00000000d1300000, 0x00000000d1300000, 0x00000000d1400000|  0%| F|  |TAMS 0x00000000d1300000, 0x00000000d1300000| Untracked 
| 232|0x00000000d1400000, 0x00000000d1400000, 0x00000000d1500000|  0%| F|  |TAMS 0x00000000d1400000, 0x00000000d1400000| Untracked 
| 233|0x00000000d1500000, 0x00000000d1500000, 0x00000000d1600000|  0%| F|  |TAMS 0x00000000d1500000, 0x00000000d1500000| Untracked 
| 234|0x00000000d1600000, 0x00000000d1600000, 0x00000000d1700000|  0%| F|  |TAMS 0x00000000d1600000, 0x00000000d1600000| Untracked 
| 235|0x00000000d1700000, 0x00000000d1700000, 0x00000000d1800000|  0%| F|  |TAMS 0x00000000d1700000, 0x00000000d1700000| Untracked 
| 236|0x00000000d1800000, 0x00000000d1800000, 0x00000000d1900000|  0%| F|  |TAMS 0x00000000d1800000, 0x00000000d1800000| Untracked 
| 237|0x00000000d1900000, 0x00000000d1900000, 0x00000000d1a00000|  0%| F|  |TAMS 0x00000000d1900000, 0x00000000d1900000| Untracked 
| 238|0x00000000d1a00000, 0x00000000d1a00000, 0x00000000d1b00000|  0%| F|  |TAMS 0x00000000d1a00000, 0x00000000d1a00000| Untracked 
| 239|0x00000000d1b00000, 0x00000000d1b00000, 0x00000000d1c00000|  0%| F|  |TAMS 0x00000000d1b00000, 0x00000000d1b00000| Untracked 
| 240|0x00000000d1c00000, 0x00000000d1c00000, 0x00000000d1d00000|  0%| F|  |TAMS 0x00000000d1c00000, 0x00000000d1c00000| Untracked 
| 241|0x00000000d1d00000, 0x00000000d1d00000, 0x00000000d1e00000|  0%| F|  |TAMS 0x00000000d1d00000, 0x00000000d1d00000| Untracked 
| 242|0x00000000d1e00000, 0x00000000d1e00000, 0x00000000d1f00000|  0%| F|  |TAMS 0x00000000d1e00000, 0x00000000d1e00000| Untracked 
| 243|0x00000000d1f00000, 0x00000000d1f00000, 0x00000000d2000000|  0%| F|  |TAMS 0x00000000d1f00000, 0x00000000d1f00000| Untracked 
| 244|0x00000000d2000000, 0x00000000d2000000, 0x00000000d2100000|  0%| F|  |TAMS 0x00000000d2000000, 0x00000000d2000000| Untracked 
| 245|0x00000000d2100000, 0x00000000d2100000, 0x00000000d2200000|  0%| F|  |TAMS 0x00000000d2100000, 0x00000000d2100000| Untracked 
| 246|0x00000000d2200000, 0x00000000d2200000, 0x00000000d2300000|  0%| F|  |TAMS 0x00000000d2200000, 0x00000000d2200000| Untracked 
| 247|0x00000000d2300000, 0x00000000d2300000, 0x00000000d2400000|  0%| F|  |TAMS 0x00000000d2300000, 0x00000000d2300000| Untracked 
| 248|0x00000000d2400000, 0x00000000d2400000, 0x00000000d2500000|  0%| F|  |TAMS 0x00000000d2400000, 0x00000000d2400000| Untracked 
| 249|0x00000000d2500000, 0x00000000d2500000, 0x00000000d2600000|  0%| F|  |TAMS 0x00000000d2500000, 0x00000000d2500000| Untracked 
| 250|0x00000000d2600000, 0x00000000d2600000, 0x00000000d2700000|  0%| F|  |TAMS 0x00000000d2600000, 0x00000000d2600000| Untracked 
| 251|0x00000000d2700000, 0x00000000d2700000, 0x00000000d2800000|  0%| F|  |TAMS 0x00000000d2700000, 0x00000000d2700000| Untracked 
| 252|0x00000000d2800000, 0x00000000d2800000, 0x00000000d2900000|  0%| F|  |TAMS 0x00000000d2800000, 0x00000000d2800000| Untracked 
| 253|0x00000000d2900000, 0x00000000d2900000, 0x00000000d2a00000|  0%| F|  |TAMS 0x00000000d2900000, 0x00000000d2900000| Untracked 
| 254|0x00000000d2a00000, 0x00000000d2a00000, 0x00000000d2b00000|  0%| F|  |TAMS 0x00000000d2a00000, 0x00000000d2a00000| Untracked 
| 255|0x00000000d2b00000, 0x00000000d2b00000, 0x00000000d2c00000|  0%| F|  |TAMS 0x00000000d2b00000, 0x00000000d2b00000| Untracked 
| 256|0x00000000d2c00000, 0x00000000d2c00000, 0x00000000d2d00000|  0%| F|  |TAMS 0x00000000d2c00000, 0x00000000d2c00000| Untracked 
| 257|0x00000000d2d00000, 0x00000000d2d00000, 0x00000000d2e00000|  0%| F|  |TAMS 0x00000000d2d00000, 0x00000000d2d00000| Untracked 
| 258|0x00000000d2e00000, 0x00000000d2e00000, 0x00000000d2f00000|  0%| F|  |TAMS 0x00000000d2e00000, 0x00000000d2e00000| Untracked 
| 259|0x00000000d2f00000, 0x00000000d2f00000, 0x00000000d3000000|  0%| F|  |TAMS 0x00000000d2f00000, 0x00000000d2f00000| Untracked 
| 260|0x00000000d3000000, 0x00000000d3000000, 0x00000000d3100000|  0%| F|  |TAMS 0x00000000d3000000, 0x00000000d3000000| Untracked 
| 261|0x00000000d3100000, 0x00000000d3100000, 0x00000000d3200000|  0%| F|  |TAMS 0x00000000d3100000, 0x00000000d3100000| Untracked 
| 262|0x00000000d3200000, 0x00000000d3200000, 0x00000000d3300000|  0%| F|  |TAMS 0x00000000d3200000, 0x00000000d3200000| Untracked 
| 263|0x00000000d3300000, 0x00000000d3300000, 0x00000000d3400000|  0%| F|  |TAMS 0x00000000d3300000, 0x00000000d3300000| Untracked 
| 264|0x00000000d3400000, 0x00000000d3400000, 0x00000000d3500000|  0%| F|  |TAMS 0x00000000d3400000, 0x00000000d3400000| Untracked 
| 265|0x00000000d3500000, 0x00000000d3500000, 0x00000000d3600000|  0%| F|  |TAMS 0x00000000d3500000, 0x00000000d3500000| Untracked 
| 266|0x00000000d3600000, 0x00000000d3600000, 0x00000000d3700000|  0%| F|  |TAMS 0x00000000d3600000, 0x00000000d3600000| Untracked 
| 267|0x00000000d3700000, 0x00000000d3700000, 0x00000000d3800000|  0%| F|  |TAMS 0x00000000d3700000, 0x00000000d3700000| Untracked 
| 268|0x00000000d3800000, 0x00000000d3800000, 0x00000000d3900000|  0%| F|  |TAMS 0x00000000d3800000, 0x00000000d3800000| Untracked 
| 269|0x00000000d3900000, 0x00000000d3900000, 0x00000000d3a00000|  0%| F|  |TAMS 0x00000000d3900000, 0x00000000d3900000| Untracked 
| 270|0x00000000d3a00000, 0x00000000d3a00000, 0x00000000d3b00000|  0%| F|  |TAMS 0x00000000d3a00000, 0x00000000d3a00000| Untracked 
| 271|0x00000000d3b00000, 0x00000000d3b00000, 0x00000000d3c00000|  0%| F|  |TAMS 0x00000000d3b00000, 0x00000000d3b00000| Untracked 
| 272|0x00000000d3c00000, 0x00000000d3c00000, 0x00000000d3d00000|  0%| F|  |TAMS 0x00000000d3c00000, 0x00000000d3c00000| Untracked 
| 273|0x00000000d3d00000, 0x00000000d3d00000, 0x00000000d3e00000|  0%| F|  |TAMS 0x00000000d3d00000, 0x00000000d3d00000| Untracked 
| 274|0x00000000d3e00000, 0x00000000d3e00000, 0x00000000d3f00000|  0%| F|  |TAMS 0x00000000d3e00000, 0x00000000d3e00000| Untracked 
| 275|0x00000000d3f00000, 0x00000000d3f00000, 0x00000000d4000000|  0%| F|  |TAMS 0x00000000d3f00000, 0x00000000d3f00000| Untracked 
| 276|0x00000000d4000000, 0x00000000d4000000, 0x00000000d4100000|  0%| F|  |TAMS 0x00000000d4000000, 0x00000000d4000000| Untracked 
| 277|0x00000000d4100000, 0x00000000d4100000, 0x00000000d4200000|  0%| F|  |TAMS 0x00000000d4100000, 0x00000000d4100000| Untracked 
| 278|0x00000000d4200000, 0x00000000d4200000, 0x00000000d4300000|  0%| F|  |TAMS 0x00000000d4200000, 0x00000000d4200000| Untracked 
| 279|0x00000000d4300000, 0x00000000d4300000, 0x00000000d4400000|  0%| F|  |TAMS 0x00000000d4300000, 0x00000000d4300000| Untracked 
| 280|0x00000000d4400000, 0x00000000d4400000, 0x00000000d4500000|  0%| F|  |TAMS 0x00000000d4400000, 0x00000000d4400000| Untracked 
| 281|0x00000000d4500000, 0x00000000d4500000, 0x00000000d4600000|  0%| F|  |TAMS 0x00000000d4500000, 0x00000000d4500000| Untracked 
| 282|0x00000000d4600000, 0x00000000d4600000, 0x00000000d4700000|  0%| F|  |TAMS 0x00000000d4600000, 0x00000000d4600000| Untracked 
| 283|0x00000000d4700000, 0x00000000d4700000, 0x00000000d4800000|  0%| F|  |TAMS 0x00000000d4700000, 0x00000000d4700000| Untracked 
| 284|0x00000000d4800000, 0x00000000d4800000, 0x00000000d4900000|  0%| F|  |TAMS 0x00000000d4800000, 0x00000000d4800000| Untracked 
| 285|0x00000000d4900000, 0x00000000d4900000, 0x00000000d4a00000|  0%| F|  |TAMS 0x00000000d4900000, 0x00000000d4900000| Untracked 
| 286|0x00000000d4a00000, 0x00000000d4a00000, 0x00000000d4b00000|  0%| F|  |TAMS 0x00000000d4a00000, 0x00000000d4a00000| Untracked 
| 287|0x00000000d4b00000, 0x00000000d4b00000, 0x00000000d4c00000|  0%| F|  |TAMS 0x00000000d4b00000, 0x00000000d4b00000| Untracked 
| 288|0x00000000d4c00000, 0x00000000d4c00000, 0x00000000d4d00000|  0%| F|  |TAMS 0x00000000d4c00000, 0x00000000d4c00000| Untracked 
| 289|0x00000000d4d00000, 0x00000000d4d00000, 0x00000000d4e00000|  0%| F|  |TAMS 0x00000000d4d00000, 0x00000000d4d00000| Untracked 
| 290|0x00000000d4e00000, 0x00000000d4e00000, 0x00000000d4f00000|  0%| F|  |TAMS 0x00000000d4e00000, 0x00000000d4e00000| Untracked 
| 291|0x00000000d4f00000, 0x00000000d4f00000, 0x00000000d5000000|  0%| F|  |TAMS 0x00000000d4f00000, 0x00000000d4f00000| Untracked 
| 292|0x00000000d5000000, 0x00000000d5000000, 0x00000000d5100000|  0%| F|  |TAMS 0x00000000d5000000, 0x00000000d5000000| Untracked 
| 293|0x00000000d5100000, 0x00000000d5100000, 0x00000000d5200000|  0%| F|  |TAMS 0x00000000d5100000, 0x00000000d5100000| Untracked 
| 979|0x00000000fff00000, 0x00000000fffcf800, 0x0000000100000000| 81%| O|  |TAMS 0x00000000fffbea00, 0x00000000fffce600| Untracked 

Card table byte_map: [0x00000275af2a0000,0x00000275af490000] _byte_map_base: 0x00000275aec8a000

Marking Bits (Prev, Next): (CMBitMap*) 0x000002759817a710, (CMBitMap*) 0x000002759817a6d0
 Prev Bits: [0x00000275b05d0000, 0x00000275b1520000)
 Next Bits: [0x00000275af680000, 0x00000275b05d0000)

Polling page: 0x0000027597910000

Metaspace:

Usage:
  Non-class:      5.66 MB used.
      Class:    561.92 KB used.
       Both:      6.21 MB used.

Virtual space:
  Non-class space:       64.00 MB reserved,       5.75 MB (  9%) committed,  1 nodes.
      Class space:        1.00 GB reserved,     640.00 KB ( <1%) committed,  1 nodes.
             Both:        1.06 GB reserved,       6.38 MB ( <1%) committed. 

Chunk freelists:
   Non-Class:  2.23 MB
       Class:  3.23 MB
        Both:  5.47 MB

MaxMetaspaceSize: unlimited
CompressedClassSpaceSize: 1.00 GB
Initial GC threshold: 21.00 MB
Current GC threshold: 21.00 MB
CDS: on
MetaspaceReclaimPolicy: balanced
 - commit_granule_bytes: 65536.
 - commit_granule_words: 8192.
 - virtual_space_node_default_size: 8388608.
 - enlarge_chunks_in_place: 1.
 - new_chunks_are_fully_committed: 0.
 - uncommit_free_chunks: 1.
 - use_allocation_guard: 0.


Internal statistics:

num_allocs_failed_limit: 0.
num_arena_births: 104.
num_arena_deaths: 0.
num_vsnodes_births: 2.
num_vsnodes_deaths: 0.
num_space_committed: 102.
num_space_uncommitted: 0.
num_chunks_returned_to_freelist: 0.
num_chunks_taken_from_freelist: 126.
num_chunk_merges: 0.
num_chunk_splits: 85.
num_chunks_enlarged: 56.
num_inconsistent_stats: 0.

CodeHeap 'non-profiled nmethods': size=120000Kb used=934Kb max_used=934Kb free=119065Kb
 bounds [0x00000275a7b80000, 0x00000275a7df0000, 0x00000275af0b0000]
CodeHeap 'profiled nmethods': size=120000Kb used=2715Kb max_used=2715Kb free=117284Kb
 bounds [0x00000275a00b0000, 0x00000275a0360000, 0x00000275a75e0000]
CodeHeap 'non-nmethods': size=5760Kb used=1349Kb max_used=1372Kb free=4410Kb
 bounds [0x00000275a75e0000, 0x00000275a7850000, 0x00000275a7b80000]
 total_blobs=2356 nmethods=1761 adapters=507
 compilation: enabled
              stopped_count=0, restarted_count=0
 full_count=0

Compilation events (20 events):
Event: 45.841 Thread 0x00000275b397d0d0 1755       4       fromics.Group::updateAll (51 bytes)
Event: 45.870 Thread 0x00000275b39e60d0 1756       3       java.util.concurrent.locks.LockSupport::setCurrentBlocker (14 bytes)
Event: 45.871 Thread 0x00000275b39e60d0 nmethod 1756 0x00000275a0356010 code [0x00000275a03561c0, 0x00000275a03563e8]
Event: 45.958 Thread 0x00000275b39e60d0 1757       1       java.awt.Window::isShowing (5 bytes)
Event: 45.959 Thread 0x00000275b39e60d0 nmethod 1757 0x00000275a7c63c90 code [0x00000275a7c63e20, 0x00000275a7c63ef8]
Event: 46.003 Thread 0x00000275b397d0d0 nmethod 1755 0x00000275a7c63f90 code [0x00000275a7c64220, 0x00000275a7c64f08]
Event: 46.234 Thread 0x00000275b397d0d0 1758       4       fromics.Group::drawAll (39 bytes)
Event: 46.399 Thread 0x00000275b397d0d0 nmethod 1758 0x00000275a7c65b10 code [0x00000275a7c65e00, 0x00000275a7c66f60]
Event: 46.809 Thread 0x00000275b39e60d0 1759       3       java.awt.EventQueue::getNextEventPrivate (76 bytes)
Event: 46.810 Thread 0x00000275b39e60d0 nmethod 1759 0x00000275a0356490 code [0x00000275a0356660, 0x00000275a03569c8]
Event: 46.941 Thread 0x00000275b397d0d0 1760       4       java.util.HashMap::getNode (150 bytes)
Event: 46.941 Thread 0x00000275b39e60d0 1761       3       java.awt.AWTKeyStroke::hashCode (36 bytes)
Event: 46.942 Thread 0x00000275b39e60d0 nmethod 1761 0x00000275a0356b10 code [0x00000275a0356ca0, 0x00000275a0356e18]
Event: 46.970 Thread 0x00000275b397d0d0 nmethod 1760 0x00000275a7c67d90 code [0x00000275a7c67f60, 0x00000275a7c682d8]
Event: 47.256 Thread 0x00000275b397d0d0 1762       4       java.lang.StringConcatHelper::prepend (37 bytes)
Event: 47.268 Thread 0x00000275b397d0d0 nmethod 1762 0x00000275a7c68610 code [0x00000275a7c687a0, 0x00000275a7c688f8]
Event: 47.785 Thread 0x00000275b397d0d0 1763       4       sun.java2d.SurfaceData::<init> (36 bytes)
Event: 47.816 Thread 0x00000275b397d0d0 nmethod 1763 0x00000275a7c68a90 code [0x00000275a7c68c20, 0x00000275a7c69078]
Event: 48.068 Thread 0x00000275b397d0d0 1764       4       java.lang.String::<init> (99 bytes)
Event: 48.091 Thread 0x00000275b397d0d0 nmethod 1764 0x00000275a7c69110 code [0x00000275a7c692a0, 0x00000275a7c69658]

GC Heap History (20 events):
Event: 44.932 GC heap after
{Heap after GC invocations=64 (full 0):
 garbage-first heap   total 301056K, used 134146K [0x00000000c2c00000, 0x0000000100000000)
  region size 1024K, 1 young (1024K), 1 survivors (1024K)
 Metaspace       used 6359K, committed 6528K, reserved 1114112K
  class space    used 561K, committed 640K, reserved 1048576K
}
Event: 45.022 GC heap before
{Heap before GC invocations=65 (full 0):
 garbage-first heap   total 301056K, used 138242K [0x00000000c2c00000, 0x0000000100000000)
  region size 1024K, 4 young (4096K), 1 survivors (1024K)
 Metaspace       used 6359K, committed 6528K, reserved 1114112K
  class space    used 561K, committed 640K, reserved 1048576K
}
Event: 45.025 GC heap after
{Heap after GC invocations=66 (full 0):
 garbage-first heap   total 301056K, used 6124K [0x00000000c2c00000, 0x0000000100000000)
  region size 1024K, 1 young (1024K), 1 survivors (1024K)
 Metaspace       used 6359K, committed 6528K, reserved 1114112K
  class space    used 561K, committed 640K, reserved 1048576K
}
Event: 45.327 GC heap before
{Heap before GC invocations=67 (full 0):
 garbage-first heap   total 40960K, used 39916K [0x00000000c2c00000, 0x0000000100000000)
  region size 1024K, 17 young (17408K), 1 survivors (1024K)
 Metaspace       used 6359K, committed 6528K, reserved 1114112K
  class space    used 561K, committed 640K, reserved 1048576K
}
Event: 45.330 GC heap after
{Heap after GC invocations=68 (full 0):
 garbage-first heap   total 43008K, used 21495K [0x00000000c2c00000, 0x0000000100000000)
  region size 1024K, 1 young (1024K), 1 survivors (1024K)
 Metaspace       used 6359K, committed 6528K, reserved 1114112K
  class space    used 561K, committed 640K, reserved 1048576K
}
Event: 45.334 GC heap before
{Heap before GC invocations=68 (full 0):
 garbage-first heap   total 43008K, used 22519K [0x00000000c2c00000, 0x0000000100000000)
  region size 1024K, 2 young (2048K), 1 survivors (1024K)
 Metaspace       used 6359K, committed 6528K, reserved 1114112K
  class space    used 561K, committed 640K, reserved 1048576K
}
Event: 45.342 GC heap after
{Heap after GC invocations=69 (full 0):
 garbage-first heap   total 124928K, used 5883K [0x00000000c2c00000, 0x0000000100000000)
  region size 1024K, 1 young (1024K), 1 survivors (1024K)
 Metaspace       used 6359K, committed 6528K, reserved 1114112K
  class space    used 561K, committed 640K, reserved 1048576K
}
Event: 45.902 GC heap before
{Heap before GC invocations=69 (full 0):
 garbage-first heap   total 124928K, used 81659K [0x00000000c2c00000, 0x0000000100000000)
  region size 1024K, 28 young (28672K), 1 survivors (1024K)
 Metaspace       used 6360K, committed 6528K, reserved 1114112K
  class space    used 561K, committed 640K, reserved 1048576K
}
Event: 45.905 GC heap after
{Heap after GC invocations=70 (full 0):
 garbage-first heap   total 124928K, used 55089K [0x00000000c2c00000, 0x0000000100000000)
  region size 1024K, 1 young (1024K), 1 survivors (1024K)
 Metaspace       used 6360K, committed 6528K, reserved 1114112K
  class space    used 561K, committed 640K, reserved 1048576K
}
Event: 45.907 GC heap before
{Heap before GC invocations=70 (full 0):
 garbage-first heap   total 124928K, used 56113K [0x00000000c2c00000, 0x0000000100000000)
  region size 1024K, 2 young (2048K), 1 survivors (1024K)
 Metaspace       used 6360K, committed 6528K, reserved 1114112K
  class space    used 561K, committed 640K, reserved 1048576K
}
Event: 45.910 GC heap after
{Heap after GC invocations=71 (full 0):
 garbage-first heap   total 124928K, used 3893K [0x00000000c2c00000, 0x0000000100000000)
  region size 1024K, 1 young (1024K), 1 survivors (1024K)
 Metaspace       used 6360K, committed 6528K, reserved 1114112K
  class space    used 561K, committed 640K, reserved 1048576K
}
Event: 46.640 GC heap before
{Heap before GC invocations=71 (full 0):
 garbage-first heap   total 124928K, used 90933K [0x00000000c2c00000, 0x0000000100000000)
  region size 1024K, 36 young (36864K), 1 survivors (1024K)
 Metaspace       used 6360K, committed 6528K, reserved 1114112K
  class space    used 561K, committed 640K, reserved 1048576K
}
Event: 46.642 GC heap after
{Heap after GC invocations=72 (full 0):
 garbage-first heap   total 124928K, used 56134K [0x00000000c2c00000, 0x0000000100000000)
  region size 1024K, 1 young (1024K), 1 survivors (1024K)
 Metaspace       used 6360K, committed 6528K, reserved 1114112K
  class space    used 561K, committed 640K, reserved 1048576K
}
Event: 46.713 GC heap before
{Heap before GC invocations=73 (full 0):
 garbage-first heap   total 124928K, used 65350K [0x00000000c2c00000, 0x0000000100000000)
  region size 1024K, 5 young (5120K), 1 survivors (1024K)
 Metaspace       used 6360K, committed 6528K, reserved 1114112K
  class space    used 561K, committed 640K, reserved 1048576K
}
Event: 46.716 GC heap after
{Heap after GC invocations=74 (full 0):
 garbage-first heap   total 124928K, used 9021K [0x00000000c2c00000, 0x0000000100000000)
  region size 1024K, 1 young (1024K), 1 survivors (1024K)
 Metaspace       used 6360K, committed 6528K, reserved 1114112K
  class space    used 561K, committed 640K, reserved 1048576K
}
Event: 47.422 GC heap before
{Heap before GC invocations=74 (full 0):
 garbage-first heap   total 124928K, used 87869K [0x00000000c2c00000, 0x0000000100000000)
  region size 1024K, 33 young (33792K), 1 survivors (1024K)
 Metaspace       used 6362K, committed 6528K, reserved 1114112K
  class space    used 561K, committed 640K, reserved 1048576K
}
Event: 47.424 GC heap after
{Heap after GC invocations=75 (full 0):
 garbage-first heap   total 124928K, used 51019K [0x00000000c2c00000, 0x0000000100000000)
  region size 1024K, 1 young (1024K), 1 survivors (1024K)
 Metaspace       used 6362K, committed 6528K, reserved 1114112K
  class space    used 561K, committed 640K, reserved 1048576K
}
Event: 47.498 GC heap before
{Heap before GC invocations=76 (full 0):
 garbage-first heap   total 124928K, used 58187K [0x00000000c2c00000, 0x0000000100000000)
  region size 1024K, 4 young (4096K), 1 survivors (1024K)
 Metaspace       used 6362K, committed 6528K, reserved 1114112K
  class space    used 561K, committed 640K, reserved 1048576K
}
Event: 47.501 GC heap after
{Heap after GC invocations=77 (full 0):
 garbage-first heap   total 124928K, used 9028K [0x00000000c2c00000, 0x0000000100000000)
  region size 1024K, 1 young (1024K), 1 survivors (1024K)
 Metaspace       used 6362K, committed 6528K, reserved 1114112K
  class space    used 561K, committed 640K, reserved 1048576K
}
Event: 48.148 GC heap before
{Heap before GC invocations=77 (full 0):
 garbage-first heap   total 124928K, used 87876K [0x00000000c2c00000, 0x0000000100000000)
  region size 1024K, 33 young (33792K), 1 survivors (1024K)
 Metaspace       used 6362K, committed 6528K, reserved 1114112K
  class space    used 561K, committed 640K, reserved 1048576K
}

Dll operation events (8 events):
Event: 0.345 Loaded shared library C:\Program Files\Java\jdk-19\bin\java.dll
Event: 1.008 Loaded shared library C:\Program Files\Java\jdk-19\bin\jsvml.dll
Event: 2.351 Loaded shared library C:\Program Files\Java\jdk-19\bin\jimage.dll
Event: 2.973 Loaded shared library C:\Program Files\Java\jdk-19\bin\awt.dll
Event: 5.035 Loaded shared library C:\Program Files\Java\jdk-19\bin\freetype.dll
Event: 5.048 Loaded shared library C:\Program Files\Java\jdk-19\bin\fontmanager.dll
Event: 7.529 Loaded shared library C:\Program Files\Java\jdk-19\bin\net.dll
Event: 7.576 Loaded shared library C:\Program Files\Java\jdk-19\bin\nio.dll

Deoptimization events (20 events):
Event: 36.723 Thread 0x00000275b7c482e0 Uncommon trap: trap_request=0xffffff45 fr.pc=0x00000275a7c0a46c relative=0x000000000000014c
Event: 36.723 Thread 0x00000275b7c482e0 Uncommon trap: reason=unstable_if action=reinterpret pc=0x00000275a7c0a46c method=sun.java2d.marlin.Helpers.outcode(DD[D)I @ 57 c2
Event: 36.724 Thread 0x00000275b7c482e0 DEOPT PACKING pc=0x00000275a7c0a46c sp=0x000000eeb8afec50
Event: 36.724 Thread 0x00000275b7c482e0 DEOPT UNPACKING pc=0x00000275a7646d9d sp=0x000000eeb8afebf8 mode 2
Event: 36.724 Thread 0x00000275b7c482e0 Uncommon trap: trap_request=0xffffff45 fr.pc=0x00000275a7c0ab14 relative=0x0000000000000354
Event: 36.724 Thread 0x00000275b7c482e0 Uncommon trap: reason=unstable_if action=reinterpret pc=0x00000275a7c0ab14 method=sun.java2d.marlin.Helpers$PolyStack.popAll(Lsun/java2d/marlin/DPathConsumer2D;)V @ 6 c2
Event: 36.724 Thread 0x00000275b7c482e0 DEOPT PACKING pc=0x00000275a7c0ab14 sp=0x000000eeb8afecb0
Event: 36.724 Thread 0x00000275b7c482e0 DEOPT UNPACKING pc=0x00000275a7646d9d sp=0x000000eeb8afec50 mode 2
Event: 36.920 Thread 0x00000275b7c48d80 Uncommon trap: trap_request=0xffffff45 fr.pc=0x00000275a7c0c6a4 relative=0x0000000000000704
Event: 36.920 Thread 0x00000275b7c48d80 Uncommon trap: reason=unstable_if action=reinterpret pc=0x00000275a7c0c6a4 method=sun.java2d.marlin.Stroker.drawJoin(DDDDDDDDDDI)V @ 26 c2
Event: 36.920 Thread 0x00000275b7c48d80 DEOPT PACKING pc=0x00000275a7c0c6a4 sp=0x000000eeb91feb80
Event: 36.920 Thread 0x00000275b7c48d80 DEOPT UNPACKING pc=0x00000275a7646d9d sp=0x000000eeb91feab8 mode 2
Event: 44.472 Thread 0x00000275b7eb2700 Uncommon trap: trap_request=0xffffffde fr.pc=0x00000275a7bd8730 relative=0x0000000000000270
Event: 44.472 Thread 0x00000275b7eb2700 Uncommon trap: reason=class_check action=maybe_recompile pc=0x00000275a7bd8730 method=java.util.HashMap.getNode(Ljava/lang/Object;)Ljava/util/HashMap$Node; @ 128 c2
Event: 44.472 Thread 0x00000275b7eb2700 DEOPT PACKING pc=0x00000275a7bd8730 sp=0x000000eeb86fe880
Event: 44.472 Thread 0x00000275b7eb2700 DEOPT UNPACKING pc=0x00000275a7646d9d sp=0x000000eeb86fe7e8 mode 2
Event: 44.854 Thread 0x00000275b7eb2700 Uncommon trap: trap_request=0xffffffde fr.pc=0x00000275a7bd8730 relative=0x0000000000000270
Event: 44.854 Thread 0x00000275b7eb2700 Uncommon trap: reason=class_check action=maybe_recompile pc=0x00000275a7bd8730 method=java.util.HashMap.getNode(Ljava/lang/Object;)Ljava/util/HashMap$Node; @ 128 c2
Event: 44.854 Thread 0x00000275b7eb2700 DEOPT PACKING pc=0x00000275a7bd8730 sp=0x000000eeb86fe870
Event: 44.854 Thread 0x00000275b7eb2700 DEOPT UNPACKING pc=0x00000275a7646d9d sp=0x000000eeb86fe7d8 mode 2

Classes loaded (20 events):
Event: 14.119 Loading class java/awt/image/DataBufferInt
Event: 14.134 Loading class java/awt/image/DataBufferInt done
Event: 14.134 Loading class java/awt/image/SinglePixelPackedSampleModel
Event: 14.199 Loading class java/awt/image/SinglePixelPackedSampleModel done
Event: 14.476 Loading class sun/awt/image/IntegerInterleavedRaster
Event: 14.478 Loading class sun/awt/image/IntegerComponentRaster
Event: 14.480 Loading class sun/awt/image/IntegerComponentRaster done
Event: 14.480 Loading class sun/awt/image/IntegerInterleavedRaster done
Event: 14.486 Loading class java/awt/image/BufferedImage$1
Event: 14.486 Loading class java/awt/image/BufferedImage$1 done
Event: 14.490 Loading class java/awt/geom/Arc2D$Float
Event: 14.491 Loading class java/awt/geom/Arc2D
Event: 14.493 Loading class java/awt/geom/Arc2D done
Event: 14.494 Loading class java/awt/geom/Arc2D$Float done
Event: 14.495 Loading class java/awt/geom/ArcIterator
Event: 14.495 Loading class java/awt/geom/ArcIterator done
Event: 35.253 Loading class java/lang/Math$RandomNumberGeneratorHolder
Event: 35.254 Loading class java/lang/Math$RandomNumberGeneratorHolder done
Event: 35.259 Loading class java/awt/geom/RectIterator
Event: 35.260 Loading class java/awt/geom/RectIterator done

Classes unloaded (0 events):
No events

Classes redefined (0 events):
No events

Internal exceptions (9 events):
Event: 2.561 Thread 0x00000275981394e0 Exception <a 'java/lang/ClassNotFoundException'{0x00000000c6894460}: sun/awt/resources/spi/awtProvider> (0x00000000c6894460) 
thrown [s\open\src\hotspot\share\classfile\systemDictionary.cpp, line 255]
Event: 3.405 Thread 0x00000275981394e0 Exception <a 'java/io/FileNotFoundException'{0x00000000c68ed7e8}> (0x00000000c68ed7e8) 
thrown [s\open\src\hotspot\share\prims\jni.cpp, line 517]
Event: 3.567 Thread 0x00000275981394e0 Exception <a 'java/io/FileNotFoundException'{0x00000000c671a1a8}> (0x00000000c671a1a8) 
thrown [s\open\src\hotspot\share\prims\jni.cpp, line 517]
Event: 4.329 Thread 0x00000275981394e0 Exception <a 'java/lang/NoSuchMethodError'{0x00000000c674e518}: 'java.lang.Object java.lang.invoke.DirectMethodHandle$Holder.invokeStaticInit(java.lang.Object)'> (0x00000000c674e518) 
thrown [s\open\src\hotspot\share\interpreter\linkResolver.cpp, line 774]
Event: 4.987 Thread 0x00000275981394e0 Exception <a 'java/lang/NoSuchMethodError'{0x00000000c6624770}: 'void java.lang.invoke.DirectMethodHandle$Holder.invokeStaticInit(java.lang.Object)'> (0x00000000c6624770) 
thrown [s\open\src\hotspot\share\interpreter\linkResolver.cpp, line 774]
Event: 6.103 Thread 0x00000275b7e95100 Exception <a 'java/lang/NoSuchMethodError'{0x00000000c67d90b8}: 'void java.lang.invoke.DirectMethodHandle$Holder.invokeVirtual(java.lang.Object, java.lang.Object)'> (0x00000000c67d90b8) 
thrown [s\open\src\hotspot\share\interpreter\linkResolver.cpp, line 774]
Event: 6.258 Thread 0x00000275b7f24b80 Exception <a 'java/lang/NoSuchMethodError'{0x00000000c6544b70}: 'void java.lang.invoke.DirectMethodHandle$Holder.invokeSpecial(java.lang.Object, java.lang.Object, java.lang.Object)'> (0x00000000c6544b70) 
thrown [s\open\src\hotspot\share\interpreter\linkResolver.cpp, line 774]
Event: 13.355 Thread 0x00000275b7f8c850 Implicit null exception at 0x00000275a7bc026c to 0x00000275a7bc051c
Event: 35.260 Thread 0x00000275b7c472f0 Implicit null exception at 0x00000275a7bd112b to 0x00000275a7bd2904

VM Operations (20 events):
Event: 45.911 Executing VM operation: G1TryInitiateConcMark done
Event: 46.639 Executing VM operation: G1TryInitiateConcMark
Event: 46.642 Executing VM operation: G1TryInitiateConcMark done
Event: 46.670 Executing VM operation: G1PauseRemark
Event: 46.689 Executing VM operation: G1PauseRemark done
Event: 46.701 Executing VM operation: G1PauseCleanup
Event: 46.708 Executing VM operation: G1PauseCleanup done
Event: 46.713 Executing VM operation: G1TryInitiateConcMark
Event: 46.717 Executing VM operation: G1TryInitiateConcMark done
Event: 47.421 Executing VM operation: G1TryInitiateConcMark
Event: 47.421 Executing VM operation: G1TryInitiateConcMark done
Event: 47.422 Executing VM operation: G1CollectForAllocation
Event: 47.425 Executing VM operation: G1CollectForAllocation done
Event: 47.452 Executing VM operation: G1PauseRemark
Event: 47.458 Executing VM operation: G1PauseRemark done
Event: 47.470 Executing VM operation: G1PauseCleanup
Event: 47.473 Executing VM operation: G1PauseCleanup done
Event: 47.498 Executing VM operation: G1TryInitiateConcMark
Event: 47.501 Executing VM operation: G1TryInitiateConcMark done
Event: 48.148 Executing VM operation: G1TryInitiateConcMark

Events (20 events):
Event: 48.081 Thread 0x00000275b39cec50 Thread added: 0x00000275b39cec50
Event: 48.084 Thread 0x00000275b39cec50 Thread exited: 0x00000275b39cec50
Event: 48.093 Thread 0x00000275b39ce700 Thread exited: 0x00000275b39ce700
Event: 48.099 Thread 0x00000275b39cf6f0 Thread added: 0x00000275b39cf6f0
Event: 48.101 Thread 0x00000275b39ce1b0 Thread added: 0x00000275b39ce1b0
Event: 48.103 Thread 0x00000275b39ce1b0 Thread exited: 0x00000275b39ce1b0
Event: 48.109 Thread 0x00000275b39ccc70 Thread added: 0x00000275b39ccc70
Event: 48.110 Thread 0x00000275b39cf6f0 Thread exited: 0x00000275b39cf6f0
Event: 48.111 Thread 0x00000275b39cec50 Thread added: 0x00000275b39cec50
Event: 48.113 Thread 0x00000275b39cec50 Thread exited: 0x00000275b39cec50
Event: 48.119 Thread 0x00000275b39cd1c0 Thread added: 0x00000275b39cd1c0
Event: 48.121 Thread 0x00000275b39cf1a0 Thread added: 0x00000275b39cf1a0
Event: 48.121 Thread 0x00000275b39ccc70 Thread exited: 0x00000275b39ccc70
Event: 48.122 Thread 0x00000275b39cf1a0 Thread exited: 0x00000275b39cf1a0
Event: 48.130 Thread 0x00000275b39cd1c0 Thread exited: 0x00000275b39cd1c0
Event: 48.131 Thread 0x00000275b39ccc70 Thread added: 0x00000275b39ccc70
Event: 48.133 Thread 0x00000275b39cfc40 Thread added: 0x00000275b39cfc40
Event: 48.135 Thread 0x00000275b39cfc40 Thread exited: 0x00000275b39cfc40
Event: 48.142 Thread 0x00000275b39ccc70 Thread exited: 0x00000275b39ccc70
Event: 48.144 Thread 0x00000275b39ccc70 Thread added: 0x00000275b39ccc70


Dynamic libraries:
0x00007ff6da100000 - 0x00007ff6da110000 	C:\Program Files\Java\jdk-19\bin\javaw.exe
0x00007ffc10740000 - 0x00007ffc10949000 	C:\Windows\SYSTEM32\ntdll.dll
0x00007ffc0f5a0000 - 0x00007ffc0f65d000 	C:\Windows\System32\KERNEL32.DLL
0x00007ffc0e250000 - 0x00007ffc0e5cd000 	C:\Windows\System32\KERNELBASE.dll
0x00007ffc0de50000 - 0x00007ffc0df61000 	C:\Windows\System32\ucrtbase.dll
0x00007ffc0ac10000 - 0x00007ffc0ac28000 	C:\Program Files\Java\jdk-19\bin\jli.dll
0x00007ffc0f810000 - 0x00007ffc0f8be000 	C:\Windows\System32\ADVAPI32.dll
0x00007ffc0f760000 - 0x00007ffc0f803000 	C:\Windows\System32\msvcrt.dll
0x00007ffc0fb90000 - 0x00007ffc0fc2e000 	C:\Windows\System32\sechost.dll
0x00007ffc0e8d0000 - 0x00007ffc0e9f0000 	C:\Windows\System32\RPCRT4.dll
0x00007ffc0f8c0000 - 0x00007ffc0fa6d000 	C:\Windows\System32\USER32.dll
0x00007ffc0e060000 - 0x00007ffc0e086000 	C:\Windows\System32\win32u.dll
0x00007ffc0f370000 - 0x00007ffc0f399000 	C:\Windows\System32\GDI32.dll
0x00007ffc0e090000 - 0x00007ffc0e1a8000 	C:\Windows\System32\gdi32full.dll
0x00007ffbe9cf0000 - 0x00007ffbe9f95000 	C:\Windows\WinSxS\amd64_microsoft.windows.common-controls_6595b64144ccf1df_6.0.22000.120_none_9d947278b86cc467\COMCTL32.dll
0x00007ffc0e1b0000 - 0x00007ffc0e24d000 	C:\Windows\System32\msvcp_win.dll
0x00007ffc078a0000 - 0x00007ffc078aa000 	C:\Windows\SYSTEM32\VERSION.dll
0x00007ffc07640000 - 0x00007ffc0765b000 	C:\Program Files\Java\jdk-19\bin\VCRUNTIME140.dll
0x00007ffc0f3a0000 - 0x00007ffc0f3d1000 	C:\Windows\System32\IMM32.DLL
0x00007ffc0a730000 - 0x00007ffc0a73c000 	C:\Program Files\Java\jdk-19\bin\vcruntime140_1.dll
0x00007ffbcfe30000 - 0x00007ffbcfebe000 	C:\Program Files\Java\jdk-19\bin\msvcp140.dll
0x00007ffba5440000 - 0x00007ffba6100000 	C:\Program Files\Java\jdk-19\bin\server\jvm.dll
0x00007ffbff090000 - 0x00007ffbff099000 	C:\Windows\SYSTEM32\WSOCK32.dll
0x00007ffc0f4c0000 - 0x00007ffc0f52f000 	C:\Windows\System32\WS2_32.dll
0x00007ffc07bb0000 - 0x00007ffc07be3000 	C:\Windows\SYSTEM32\WINMM.dll
0x00007ffc0cd20000 - 0x00007ffc0cd38000 	C:\Windows\SYSTEM32\kernel.appcore.dll
0x00007ffc087a0000 - 0x00007ffc087aa000 	C:\Program Files\Java\jdk-19\bin\jimage.dll
0x00007ffc0adf0000 - 0x00007ffc0b011000 	C:\Windows\SYSTEM32\DBGHELP.DLL
0x00007ffbf9410000 - 0x00007ffbf9441000 	C:\Windows\SYSTEM32\dbgcore.DLL
0x00007ffc0dfe0000 - 0x00007ffc0e05f000 	C:\Windows\System32\bcryptPrimitives.dll
0x00007ffbfa360000 - 0x00007ffbfa386000 	C:\Program Files\Java\jdk-19\bin\java.dll
0x00007ffbc7bb0000 - 0x00007ffbc7c87000 	C:\Program Files\Java\jdk-19\bin\jsvml.dll
0x00007ffc0e9f0000 - 0x00007ffc0f1a8000 	C:\Windows\System32\SHELL32.dll
0x00007ffc0bd90000 - 0x00007ffc0c5f8000 	C:\Windows\SYSTEM32\windows.storage.dll
0x00007ffc102b0000 - 0x00007ffc10629000 	C:\Windows\System32\combase.dll
0x00007ffc0bc20000 - 0x00007ffc0bd86000 	C:\Windows\SYSTEM32\wintypes.dll
0x00007ffc0fd50000 - 0x00007ffc0fe3a000 	C:\Windows\System32\SHCORE.dll
0x00007ffc0e5d0000 - 0x00007ffc0e62d000 	C:\Windows\System32\shlwapi.dll
0x00007ffc0db50000 - 0x00007ffc0db71000 	C:\Windows\SYSTEM32\profapi.dll
0x00007ffbc6850000 - 0x00007ffbc69e1000 	C:\Program Files\Java\jdk-19\bin\awt.dll
0x00007ffc0f3e0000 - 0x00007ffc0f4b6000 	C:\Windows\System32\OLEAUT32.dll
0x00007ffc0b030000 - 0x00007ffc0b0c1000 	C:\Windows\SYSTEM32\apphelp.dll
0x00007ffc0b920000 - 0x00007ffc0b94f000 	C:\Windows\system32\DWMAPI.DLL
0x00007ffc0b390000 - 0x00007ffc0b43c000 	C:\Windows\system32\uxtheme.dll
0x00007ffbd2630000 - 0x00007ffbd2731000 	C:\Windows\system32\opengl32.dll
0x00007ffbd25c0000 - 0x00007ffbd25ed000 	C:\Windows\SYSTEM32\GLU32.dll
0x00007ffc0b470000 - 0x00007ffc0b4a8000 	C:\Windows\SYSTEM32\dxcore.dll
0x00007ffc0fc30000 - 0x00007ffc0fd4e000 	C:\Windows\System32\MSCTF.dll
0x00007ffc0e730000 - 0x00007ffc0e8ca000 	C:\Windows\System32\ole32.dll
0x00007ffbca240000 - 0x00007ffbca2c6000 	C:\Program Files\Java\jdk-19\bin\freetype.dll
0x00007ffbb9c00000 - 0x00007ffbb9cc6000 	C:\Program Files\Java\jdk-19\bin\fontmanager.dll
0x00007ffbf94b0000 - 0x00007ffbf95dd000 	C:\Windows\SYSTEM32\textinputframework.dll
0x00007ffc0a5f0000 - 0x00007ffc0a722000 	C:\Windows\SYSTEM32\CoreMessaging.dll
0x00007ffc06d20000 - 0x00007ffc0708d000 	C:\Windows\SYSTEM32\CoreUIComponents.dll
0x00007ffc0d3b0000 - 0x00007ffc0d3bc000 	C:\Windows\SYSTEM32\CRYPTBASE.DLL
0x00007ffbf5950000 - 0x00007ffbf59ba000 	C:\Windows\system32\Ninput.dll
0x00007ffbfdea0000 - 0x00007ffbfdeb3000 	C:\Program Files\Java\jdk-19\bin\net.dll
0x00007ffc07350000 - 0x00007ffc0745c000 	C:\Windows\SYSTEM32\WINHTTP.dll
0x00007ffc0d150000 - 0x00007ffc0d1b7000 	C:\Windows\system32\mswsock.dll
0x00007ffbfa2d0000 - 0x00007ffbfa2e6000 	C:\Program Files\Java\jdk-19\bin\nio.dll

dbghelp: loaded successfully - version: 4.0.5 - missing functions: none
symbol engine: initialized successfully - sym options: 0x614 - pdb path: .;C:\Program Files\Java\jdk-19\bin;C:\Windows\SYSTEM32;C:\Windows\WinSxS\amd64_microsoft.windows.common-controls_6595b64144ccf1df_6.0.22000.120_none_9d947278b86cc467;C:\Program Files\Java\jdk-19\bin\server

VM Arguments:
jvm_args: -Dfile.encoding=UTF-8 -XX:+ShowCodeDetailsInExceptionMessages 
java_command: Game
java_class_path (initial): C:\Users\Josep\eclipse-workspace\Asteroids\bin;C:\Users\Josep\eclipse-workspace\From\bin
Launcher Type: SUN_STANDARD

[Global flags]
     intx CICompilerCount                          = 3                                         {product} {ergonomic}
     uint ConcGCThreads                            = 1                                         {product} {ergonomic}
     uint G1ConcRefinementThreads                  = 4                                         {product} {ergonomic}
   size_t G1HeapRegionSize                         = 1048576                                   {product} {ergonomic}
    uintx GCDrainStackTargetSize                   = 64                                        {product} {ergonomic}
   size_t InitialHeapSize                          = 65011712                                  {product} {ergonomic}
   size_t MarkStackSize                            = 4194304                                   {product} {ergonomic}
   size_t MaxHeapSize                              = 1027604480                                {product} {ergonomic}
   size_t MaxNewSize                               = 616562688                                 {product} {ergonomic}
   size_t MinHeapDeltaBytes                        = 1048576                                   {product} {ergonomic}
   size_t MinHeapSize                              = 8388608                                   {product} {ergonomic}
    uintx NonNMethodCodeHeapSize                   = 5832780                                {pd product} {ergonomic}
    uintx NonProfiledCodeHeapSize                  = 122912730                              {pd product} {ergonomic}
    uintx ProfiledCodeHeapSize                     = 122912730                              {pd product} {ergonomic}
    uintx ReservedCodeCacheSize                    = 251658240                              {pd product} {ergonomic}
     bool SegmentedCodeCache                       = true                                      {product} {ergonomic}
     bool ShowCodeDetailsInExceptionMessages       = true                                   {manageable} {command line}
   size_t SoftMaxHeapSize                          = 1027604480                             {manageable} {ergonomic}
     bool UseCompressedClassPointers               = true                           {product lp64_product} {ergonomic}
     bool UseCompressedOops                        = true                           {product lp64_product} {ergonomic}
     bool UseG1GC                                  = true                                      {product} {ergonomic}
     bool UseLargePagesIndividualAllocation        = false                                  {pd product} {ergonomic}

Logging:
Log output configuration:
 #0: stdout all=warning uptime,level,tags foldmultilines=false
 #1: stderr all=off uptime,level,tags foldmultilines=false

Environment Variables:
PATH=C:/Users/Josep/.p2/pool/plugins/org.eclipse.justj.openjdk.hotspot.jre.full.win32.x86_64_17.0.3.v20220515-1416/jre/bin/server;C:/Users/Josep/.p2/pool/plugins/org.eclipse.justj.openjdk.hotspot.jre.full.win32.x86_64_17.0.3.v20220515-1416/jre/bin;C:\Program Files\Common Files\Oracle\Java\javapath;C:\Program Files (x86)\Common Files\Oracle\Java\javapath;C:\Windows\system32;C:\Windows;C:\Windows\System32\Wbem;C:\Windows\System32\WindowsPowerShell\v1.0\;C:\Windows\System32\OpenSSH\;C:\Program Files\Git\cmd;C:\Program Files\PuTTY\;C:\Users\Josep\AppData\Local\Microsoft\WindowsApps;;E:\applications\Microsoft VS Code\bin;C:\Windows\system32;
USERNAME=Josep
OS=Windows_NT
PROCESSOR_IDENTIFIER=Intel64 Family 6 Model 156 Stepping 0, GenuineIntel
TMP=C:\Users\Josep\AppData\Local\Temp
TEMP=C:\Users\Josep\AppData\Local\Temp



---------------  S Y S T E M  ---------------

OS:
 Windows 11 , 64 bit Build 22000 (10.0.22000.708)
OS uptime: 7 days 11:21 hours

CPU: total 4 (initial active 4) (4 cores per cpu, 1 threads per core) family 6 model 156 stepping 0 microcode 0x24000023, cx8, cmov, fxsr, mmx, 3dnowpref, sse, sse2, sse3, ssse3, sse4.1, sse4.2, popcnt, tsc, tscinvbit, aes, erms, clmul, sha, clflush, clflushopt, clwb, rdtscp, rdpid

Memory: 4k page, system-wide physical 3912M (212M free)
TotalPageFile size 11200M (AvailPageFile size 90M)
current process WorkingSet (physical memory assigned to process): 117M, peak: 278M
current process commit charge ("private bytes"): 391M, peak: 462M

vm_info: Java HotSpot(TM) 64-Bit Server VM (19.0.2+7-44) for windows-amd64 JRE (19.0.2+7-44), built on 2022-11-30T18:02:09Z by "mach5one" with MS VC++ 17.1 (VS2022)

END.
